{"/home/davispc10/Desktop/Projects/Javascript/cardapio/server/src/app/controllers/FileController.ts": {"path":"/home/davispc10/Desktop/Projects/Javascript/cardapio/server/src/app/controllers/FileController.ts","statementMap":{"0":{"start":{"line":2,"column":0},"end":{"line":2,"column":39}},"1":{"start":{"line":4,"column":0},"end":{"line":4,"column":31}},"2":{"start":{"line":5,"column":0},"end":{"line":5,"column":31}},"3":{"start":{"line":9,"column":51},"end":{"line":9,"column":59}},"4":{"start":{"line":11,"column":17},"end":{"line":11,"column":63}},"5":{"start":{"line":13,"column":17},"end":{"line":13,"column":69}},"6":{"start":{"line":15,"column":4},"end":{"line":17,"column":null}},"7":{"start":{"line":16,"column":6},"end":{"line":16,"column":null}},"8":{"start":{"line":19,"column":4},"end":{"line":19,"column":null}},"9":{"start":{"line":20,"column":4},"end":{"line":20,"column":null}},"10":{"start":{"line":22,"column":4},"end":{"line":22,"column":null}},"11":{"start":{"line":26,"column":0},"end":{"line":26,"column":null}}},"fnMap":{"0":{"name":"(anonymous_1)","decl":{"start":{"line":8,"column":9},"end":{"line":8,"column":14}},"loc":{"start":{"line":8,"column":49},"end":{"line":23,"column":3}}}},"branchMap":{"0":{"loc":{"start":{"line":15,"column":4},"end":{"line":17,"column":null}},"type":"if","locations":[{"start":{"line":15,"column":4},"end":{"line":17,"column":null}},{"start":{"line":15,"column":4},"end":{"line":17,"column":null}}]}},"s":{"0":4,"1":4,"2":4,"3":2,"4":2,"5":2,"6":2,"7":1,"8":1,"9":1,"10":1,"11":4},"f":{"0":2},"b":{"0":[1,1]}}
,"/home/davispc10/Desktop/Projects/Javascript/cardapio/server/src/app/controllers/SegmentController.ts": {"path":"/home/davispc10/Desktop/Projects/Javascript/cardapio/server/src/app/controllers/SegmentController.ts","statementMap":{"0":{"start":{"line":2,"column":0},"end":{"line":2,"column":39}},"1":{"start":{"line":4,"column":0},"end":{"line":4,"column":37}},"2":{"start":{"line":8,"column":21},"end":{"line":13,"column":6}},"3":{"start":{"line":15,"column":4},"end":{"line":15,"column":null}},"4":{"start":{"line":19,"column":28},"end":{"line":19,"column":36}},"5":{"start":{"line":21,"column":20},"end":{"line":21,"column":44}},"6":{"start":{"line":23,"column":4},"end":{"line":23,"column":null}},"7":{"start":{"line":25,"column":4},"end":{"line":25,"column":null}},"8":{"start":{"line":29,"column":0},"end":{"line":29,"column":null}}},"fnMap":{"0":{"name":"(anonymous_1)","decl":{"start":{"line":7,"column":9},"end":{"line":7,"column":14}},"loc":{"start":{"line":7,"column":49},"end":{"line":16,"column":3}}},"1":{"name":"(anonymous_2)","decl":{"start":{"line":18,"column":9},"end":{"line":18,"column":14}},"loc":{"start":{"line":18,"column":49},"end":{"line":26,"column":3}}}},"branchMap":{},"s":{"0":4,"1":4,"2":1,"3":1,"4":2,"5":2,"6":2,"7":2,"8":4},"f":{"0":1,"1":2},"b":{}}
,"/home/davispc10/Desktop/Projects/Javascript/cardapio/server/src/app/controllers/SessionControler.ts": {"path":"/home/davispc10/Desktop/Projects/Javascript/cardapio/server/src/app/controllers/SessionControler.ts","statementMap":{"0":{"start":{"line":2,"column":0},"end":{"line":2,"column":30}},"1":{"start":{"line":3,"column":0},"end":{"line":3,"column":39}},"2":{"start":{"line":5,"column":0},"end":{"line":5,"column":37}},"3":{"start":{"line":6,"column":0},"end":{"line":6,"column":31}},"4":{"start":{"line":10,"column":35},"end":{"line":10,"column":43}},"5":{"start":{"line":12,"column":17},"end":{"line":12,"column":64}},"6":{"start":{"line":14,"column":4},"end":{"line":16,"column":null}},"7":{"start":{"line":15,"column":6},"end":{"line":15,"column":null}},"8":{"start":{"line":18,"column":4},"end":{"line":20,"column":null}},"9":{"start":{"line":19,"column":6},"end":{"line":19,"column":null}},"10":{"start":{"line":22,"column":51},"end":{"line":22,"column":55}},"11":{"start":{"line":24,"column":4},"end":{"line":31,"column":null}},"12":{"start":{"line":35,"column":0},"end":{"line":35,"column":null}}},"fnMap":{"0":{"name":"(anonymous_1)","decl":{"start":{"line":9,"column":9},"end":{"line":9,"column":14}},"loc":{"start":{"line":9,"column":49},"end":{"line":32,"column":3}}}},"branchMap":{"0":{"loc":{"start":{"line":14,"column":4},"end":{"line":16,"column":null}},"type":"if","locations":[{"start":{"line":14,"column":4},"end":{"line":16,"column":null}},{"start":{"line":14,"column":4},"end":{"line":16,"column":null}}]},"1":{"loc":{"start":{"line":18,"column":4},"end":{"line":20,"column":null}},"type":"if","locations":[{"start":{"line":18,"column":4},"end":{"line":20,"column":null}},{"start":{"line":18,"column":4},"end":{"line":20,"column":null}}]}},"s":{"0":4,"1":4,"2":4,"3":4,"4":19,"5":19,"6":19,"7":1,"8":18,"9":1,"10":17,"11":17,"12":4},"f":{"0":19},"b":{"0":[1,18],"1":[1,17]}}
,"/home/davispc10/Desktop/Projects/Javascript/cardapio/server/src/app/controllers/UserController.ts": {"path":"/home/davispc10/Desktop/Projects/Javascript/cardapio/server/src/app/controllers/UserController.ts","statementMap":{"0":{"start":{"line":2,"column":0},"end":{"line":2,"column":39}},"1":{"start":{"line":4,"column":0},"end":{"line":4,"column":31}},"2":{"start":{"line":65,"column":9},"end":{"line":117,"column":null}},"3":{"start":{"line":66,"column":62},"end":{"line":66,"column":70}},"4":{"start":{"line":68,"column":17},"end":{"line":68,"column":69}},"5":{"start":{"line":70,"column":4},"end":{"line":72,"column":null}},"6":{"start":{"line":71,"column":6},"end":{"line":71,"column":null}},"7":{"start":{"line":74,"column":4},"end":{"line":80,"column":null}},"8":{"start":{"line":75,"column":24},"end":{"line":75,"column":68}},"9":{"start":{"line":77,"column":6},"end":{"line":79,"column":null}},"10":{"start":{"line":78,"column":8},"end":{"line":78,"column":null}},"11":{"start":{"line":82,"column":4},"end":{"line":88,"column":null}},"12":{"start":{"line":83,"column":24},"end":{"line":83,"column":71}},"13":{"start":{"line":85,"column":6},"end":{"line":87,"column":null}},"14":{"start":{"line":86,"column":8},"end":{"line":86,"column":null}},"15":{"start":{"line":90,"column":4},"end":{"line":92,"column":null}},"16":{"start":{"line":91,"column":6},"end":{"line":91,"column":null}},"17":{"start":{"line":94,"column":20},"end":{"line":94,"column":67}},"18":{"start":{"line":96,"column":4},"end":{"line":101,"column":null}},"19":{"start":{"line":97,"column":6},"end":{"line":97,"column":null}},"20":{"start":{"line":98,"column":6},"end":{"line":98,"column":null}},"21":{"start":{"line":99,"column":11},"end":{"line":101,"column":null}},"22":{"start":{"line":100,"column":6},"end":{"line":100,"column":null}},"23":{"start":{"line":103,"column":4},"end":{"line":103,"column":null}},"24":{"start":{"line":105,"column":60},"end":{"line":105,"column":67}},"25":{"start":{"line":107,"column":4},"end":{"line":116,"column":null}},"26":{"start":{"line":8,"column":18},"end":{"line":14,"column":6}},"27":{"start":{"line":16,"column":4},"end":{"line":16,"column":null}},"28":{"start":{"line":20,"column":17},"end":{"line":23,"column":6}},"29":{"start":{"line":25,"column":4},"end":{"line":27,"column":null}},"30":{"start":{"line":26,"column":6},"end":{"line":26,"column":null}},"31":{"start":{"line":29,"column":4},"end":{"line":29,"column":null}},"32":{"start":{"line":33,"column":27},"end":{"line":33,"column":35}},"33":{"start":{"line":35,"column":20},"end":{"line":35,"column":80}},"34":{"start":{"line":37,"column":4},"end":{"line":39,"column":null}},"35":{"start":{"line":38,"column":6},"end":{"line":38,"column":null}},"36":{"start":{"line":41,"column":4},"end":{"line":41,"column":null}},"37":{"start":{"line":43,"column":4},"end":{"line":45,"column":null}},"38":{"start":{"line":44,"column":6},"end":{"line":44,"column":null}},"39":{"start":{"line":47,"column":17},"end":{"line":47,"column":35}},"40":{"start":{"line":49,"column":4},"end":{"line":49,"column":null}},"41":{"start":{"line":51,"column":77},"end":{"line":51,"column":81}},"42":{"start":{"line":53,"column":4},"end":{"line":62,"column":null}},"43":{"start":{"line":120,"column":0},"end":{"line":120,"column":null}}},"fnMap":{"0":{"name":"(anonymous_1)","decl":{"start":{"line":6,"column":0},"end":{"line":6,"column":6}},"loc":{"start":{"line":6,"column":0},"end":{"line":118,"column":1}}},"1":{"name":"(anonymous_2)","decl":{"start":{"line":65,"column":18},"end":{"line":65,"column":23}},"loc":{"start":{"line":65,"column":56},"end":{"line":117,"column":3}}},"2":{"name":"(anonymous_3)","decl":{"start":{"line":7,"column":9},"end":{"line":7,"column":14}},"loc":{"start":{"line":7,"column":49},"end":{"line":17,"column":3}}},"3":{"name":"(anonymous_4)","decl":{"start":{"line":19,"column":9},"end":{"line":19,"column":14}},"loc":{"start":{"line":19,"column":48},"end":{"line":30,"column":3}}},"4":{"name":"(anonymous_5)","decl":{"start":{"line":32,"column":9},"end":{"line":32,"column":14}},"loc":{"start":{"line":32,"column":49},"end":{"line":63,"column":3}}}},"branchMap":{"0":{"loc":{"start":{"line":70,"column":4},"end":{"line":72,"column":null}},"type":"if","locations":[{"start":{"line":70,"column":4},"end":{"line":72,"column":null}},{"start":{"line":70,"column":4},"end":{"line":72,"column":null}}]},"1":{"loc":{"start":{"line":74,"column":4},"end":{"line":80,"column":null}},"type":"if","locations":[{"start":{"line":74,"column":4},"end":{"line":80,"column":null}},{"start":{"line":74,"column":4},"end":{"line":80,"column":null}}]},"2":{"loc":{"start":{"line":77,"column":6},"end":{"line":79,"column":null}},"type":"if","locations":[{"start":{"line":77,"column":6},"end":{"line":79,"column":null}},{"start":{"line":77,"column":6},"end":{"line":79,"column":null}}]},"3":{"loc":{"start":{"line":82,"column":4},"end":{"line":88,"column":null}},"type":"if","locations":[{"start":{"line":82,"column":4},"end":{"line":88,"column":null}},{"start":{"line":82,"column":4},"end":{"line":88,"column":null}}]},"4":{"loc":{"start":{"line":85,"column":6},"end":{"line":87,"column":null}},"type":"if","locations":[{"start":{"line":85,"column":6},"end":{"line":87,"column":null}},{"start":{"line":85,"column":6},"end":{"line":87,"column":null}}]},"5":{"loc":{"start":{"line":90,"column":4},"end":{"line":92,"column":null}},"type":"if","locations":[{"start":{"line":90,"column":4},"end":{"line":92,"column":null}},{"start":{"line":90,"column":4},"end":{"line":92,"column":null}}]},"6":{"loc":{"start":{"line":90,"column":8},"end":{"line":90,"column":19}},"type":"binary-expr","locations":[{"start":{"line":90,"column":8},"end":{"line":90,"column":19}},{"start":{"line":90,"column":23},"end":{"line":90,"column":57}}]},"7":{"loc":{"start":{"line":96,"column":4},"end":{"line":101,"column":null}},"type":"if","locations":[{"start":{"line":96,"column":4},"end":{"line":101,"column":null}},{"start":{"line":96,"column":4},"end":{"line":101,"column":null}}]},"8":{"loc":{"start":{"line":99,"column":11},"end":{"line":101,"column":null}},"type":"if","locations":[{"start":{"line":99,"column":11},"end":{"line":101,"column":null}},{"start":{"line":99,"column":11},"end":{"line":101,"column":null}}]},"9":{"loc":{"start":{"line":25,"column":4},"end":{"line":27,"column":null}},"type":"if","locations":[{"start":{"line":25,"column":4},"end":{"line":27,"column":null}},{"start":{"line":25,"column":4},"end":{"line":27,"column":null}}]},"10":{"loc":{"start":{"line":37,"column":4},"end":{"line":39,"column":null}},"type":"if","locations":[{"start":{"line":37,"column":4},"end":{"line":39,"column":null}},{"start":{"line":37,"column":4},"end":{"line":39,"column":null}}]},"11":{"loc":{"start":{"line":43,"column":4},"end":{"line":45,"column":null}},"type":"if","locations":[{"start":{"line":43,"column":4},"end":{"line":45,"column":null}},{"start":{"line":43,"column":4},"end":{"line":45,"column":null}}]}},"s":{"0":4,"1":4,"2":4,"3":7,"4":7,"5":7,"6":1,"7":6,"8":2,"9":2,"10":1,"11":5,"12":2,"13":2,"14":1,"15":4,"16":1,"17":3,"18":3,"19":1,"20":1,"21":2,"22":1,"23":3,"24":3,"25":3,"26":1,"27":1,"28":2,"29":2,"30":1,"31":1,"32":25,"33":25,"34":25,"35":3,"36":22,"37":22,"38":1,"39":21,"40":21,"41":21,"42":21,"43":4},"f":{"0":4,"1":7,"2":1,"3":2,"4":25},"b":{"0":[1,6],"1":[2,4],"2":[1,1],"3":[2,3],"4":[1,1],"5":[1,3],"6":[4,2],"7":[1,2],"8":[1,1],"9":[1,1],"10":[3,22],"11":[1,21]}}
,"/home/davispc10/Desktop/Projects/Javascript/cardapio/server/src/app/middlewares/auth.ts": {"path":"/home/davispc10/Desktop/Projects/Javascript/cardapio/server/src/app/middlewares/auth.ts","statementMap":{"0":{"start":{"line":2,"column":0},"end":{"line":2,"column":30}},"1":{"start":{"line":4,"column":0},"end":{"line":4,"column":37}},"2":{"start":{"line":12,"column":0},"end":{"line":31,"column":null}},"3":{"start":{"line":13,"column":21},"end":{"line":13,"column":46}},"4":{"start":{"line":15,"column":2},"end":{"line":17,"column":null}},"5":{"start":{"line":16,"column":4},"end":{"line":16,"column":null}},"6":{"start":{"line":19,"column":20},"end":{"line":19,"column":41}},"7":{"start":{"line":21,"column":2},"end":{"line":30,"column":null}},"8":{"start":{"line":22,"column":20},"end":{"line":22,"column":77}},"9":{"start":{"line":25,"column":4},"end":{"line":25,"column":null}},"10":{"start":{"line":27,"column":4},"end":{"line":27,"column":null}},"11":{"start":{"line":29,"column":4},"end":{"line":29,"column":null}}},"fnMap":{"0":{"name":"(anonymous_1)","decl":{"start":{"line":12,"column":15},"end":{"line":12,"column":20}},"loc":{"start":{"line":12,"column":99},"end":{"line":31,"column":1}}}},"branchMap":{"0":{"loc":{"start":{"line":15,"column":2},"end":{"line":17,"column":null}},"type":"if","locations":[{"start":{"line":15,"column":2},"end":{"line":17,"column":null}},{"start":{"line":15,"column":2},"end":{"line":17,"column":null}}]}},"s":{"0":4,"1":4,"2":4,"3":19,"4":19,"5":1,"6":18,"7":18,"8":18,"9":17,"10":17,"11":1},"f":{"0":19},"b":{"0":[1,18]}}
,"/home/davispc10/Desktop/Projects/Javascript/cardapio/server/src/app/models/File.ts": {"path":"/home/davispc10/Desktop/Projects/Javascript/cardapio/server/src/app/models/File.ts","statementMap":{"0":{"start":{"line":1,"column":0},"end":{"line":1,"column":111}},"1":{"start":{"line":4,"column":0},"end":{"line":30,"column":null}},"2":{"start":{"line":28,"column":4},"end":{"line":28,"column":null}},"3":{"start":{"line":18,"column":4},"end":{"line":18,"column":null}},"4":{"start":{"line":6,"column":2},"end":{"line":6,"column":null}},"5":{"start":{"line":9,"column":2},"end":{"line":9,"column":null}},"6":{"start":{"line":12,"column":2},"end":{"line":12,"column":null}},"7":{"start":{"line":17,"column":2},"end":{"line":19,"column":null}},"8":{"start":{"line":22,"column":2},"end":{"line":22,"column":null}},"9":{"start":{"line":25,"column":2},"end":{"line":25,"column":null}},"10":{"start":{"line":4,"column":21},"end":{"line":30,"column":null}},"11":{"start":{"line":4,"column":21},"end":{"line":4,"column":null}}},"fnMap":{"0":{"name":"(anonymous_2)","decl":{"start":{"line":27,"column":2},"end":{"line":27,"column":15}},"loc":{"start":{"line":27,"column":25},"end":{"line":29,"column":3}}},"1":{"name":"(anonymous_3)","decl":{"start":{"line":17,"column":2},"end":{"line":17,"column":8}},"loc":{"start":{"line":17,"column":8},"end":{"line":19,"column":3}}}},"branchMap":{},"s":{"0":4,"1":4,"2":11,"3":1,"4":4,"5":4,"6":4,"7":4,"8":4,"9":4,"10":4,"11":4},"f":{"0":11,"1":1},"b":{}}
,"/home/davispc10/Desktop/Projects/Javascript/cardapio/server/src/app/models/Segment.ts": {"path":"/home/davispc10/Desktop/Projects/Javascript/cardapio/server/src/app/models/Segment.ts","statementMap":{"0":{"start":{"line":1,"column":0},"end":{"line":1,"column":100}},"1":{"start":{"line":4,"column":0},"end":{"line":20,"column":null}},"2":{"start":{"line":18,"column":4},"end":{"line":18,"column":null}},"3":{"start":{"line":6,"column":2},"end":{"line":6,"column":null}},"4":{"start":{"line":9,"column":2},"end":{"line":9,"column":null}},"5":{"start":{"line":12,"column":2},"end":{"line":12,"column":null}},"6":{"start":{"line":15,"column":2},"end":{"line":15,"column":null}},"7":{"start":{"line":4,"column":21},"end":{"line":20,"column":null}},"8":{"start":{"line":4,"column":21},"end":{"line":4,"column":null}}},"fnMap":{"0":{"name":"(anonymous_2)","decl":{"start":{"line":17,"column":2},"end":{"line":17,"column":15}},"loc":{"start":{"line":17,"column":34},"end":{"line":19,"column":3}}}},"branchMap":{},"s":{"0":4,"1":4,"2":11,"3":4,"4":4,"5":4,"6":4,"7":4,"8":4},"f":{"0":11},"b":{}}
,"/home/davispc10/Desktop/Projects/Javascript/cardapio/server/src/app/models/User.ts": {"path":"/home/davispc10/Desktop/Projects/Javascript/cardapio/server/src/app/models/User.ts","statementMap":{"0":{"start":{"line":1,"column":0},"end":{"line":1,"column":29}},"1":{"start":{"line":2,"column":0},"end":{"line":2,"column":136}},"2":{"start":{"line":4,"column":0},"end":{"line":4,"column":25}},"3":{"start":{"line":6,"column":0},"end":{"line":6,"column":null}},"4":{"start":{"line":7,"column":2},"end":{"line":7,"column":null}},"5":{"start":{"line":8,"column":2},"end":{"line":8,"column":null}},"6":{"start":{"line":12,"column":0},"end":{"line":70,"column":null}},"7":{"start":{"line":64,"column":4},"end":{"line":64,"column":null}},"8":{"start":{"line":56,"column":4},"end":{"line":56,"column":null}},"9":{"start":{"line":60,"column":4},"end":{"line":60,"column":null}},"10":{"start":{"line":14,"column":2},"end":{"line":14,"column":null}},"11":{"start":{"line":17,"column":2},"end":{"line":17,"column":null}},"12":{"start":{"line":20,"column":2},"end":{"line":20,"column":null}},"13":{"start":{"line":23,"column":2},"end":{"line":23,"column":null}},"14":{"start":{"line":26,"column":2},"end":{"line":26,"column":null}},"15":{"start":{"line":29,"column":2},"end":{"line":29,"column":null}},"16":{"start":{"line":32,"column":2},"end":{"line":32,"column":null}},"17":{"start":{"line":35,"column":2},"end":{"line":35,"column":null}},"18":{"start":{"line":42,"column":2},"end":{"line":42,"column":null}},"19":{"start":{"line":46,"column":2},"end":{"line":46,"column":null}},"20":{"start":{"line":44,"column":18},"end":{"line":44,"column":22}},"21":{"start":{"line":49,"column":2},"end":{"line":49,"column":null}},"22":{"start":{"line":52,"column":2},"end":{"line":52,"column":null}},"23":{"start":{"line":55,"column":2},"end":{"line":57,"column":null}},"24":{"start":{"line":12,"column":21},"end":{"line":70,"column":null}},"25":{"start":{"line":12,"column":21},"end":{"line":12,"column":null}}},"fnMap":{"0":{"name":"(anonymous_3)","decl":{"start":{"line":6,"column":0},"end":{"line":6,"column":12}},"loc":{"start":{"line":6,"column":20},"end":{"line":9,"column":1}}},"1":{"name":"(anonymous_4)","decl":{"start":{"line":63,"column":2},"end":{"line":63,"column":15}},"loc":{"start":{"line":63,"column":25},"end":{"line":65,"column":3}}},"2":{"name":"(anonymous_5)","decl":{"start":{"line":55,"column":2},"end":{"line":55,"column":14}},"loc":{"start":{"line":55,"column":14},"end":{"line":57,"column":3}}},"3":{"name":"(anonymous_6)","decl":{"start":{"line":59,"column":2},"end":{"line":59,"column":15}},"loc":{"start":{"line":59,"column":33},"end":{"line":61,"column":3}}},"4":{"name":"(anonymous_7)","decl":{"start":{"line":44,"column":12},"end":{"line":44,"column":15}},"loc":{"start":{"line":44,"column":18},"end":{"line":44,"column":22}}}},"branchMap":{"0":{"loc":{"start":{"line":6,"column":12},"end":{"line":6,"column":20}},"type":"binary-expr","locations":[{"start":{"line":6,"column":12},"end":{"line":6,"column":20}},{"start":{"line":6,"column":12},"end":{"line":6,"column":null}}]}},"s":{"0":4,"1":4,"2":4,"3":4,"4":4,"5":4,"6":4,"7":70,"8":24,"9":20,"10":4,"11":4,"12":4,"13":4,"14":4,"15":4,"16":4,"17":4,"18":4,"19":4,"20":8,"21":4,"22":4,"23":4,"24":4,"25":4},"f":{"0":4,"1":70,"2":24,"3":20,"4":8},"b":{"0":[4,4]}}
,"/home/davispc10/Desktop/Projects/Javascript/cardapio/server/src/app/validators/SegmentStore.ts": {"path":"/home/davispc10/Desktop/Projects/Javascript/cardapio/server/src/app/validators/SegmentStore.ts","statementMap":{"0":{"start":{"line":2,"column":0},"end":{"line":2,"column":26}},"1":{"start":{"line":4,"column":0},"end":{"line":16,"column":null}},"2":{"start":{"line":5,"column":2},"end":{"line":15,"column":null}},"3":{"start":{"line":6,"column":19},"end":{"line":8,"column":6}},"4":{"start":{"line":10,"column":4},"end":{"line":10,"column":null}},"5":{"start":{"line":12,"column":4},"end":{"line":12,"column":null}},"6":{"start":{"line":14,"column":4},"end":{"line":14,"column":null}}},"fnMap":{"0":{"name":"(anonymous_6)","decl":{"start":{"line":4,"column":15},"end":{"line":4,"column":20}},"loc":{"start":{"line":4,"column":99},"end":{"line":16,"column":1}}}},"branchMap":{},"s":{"0":4,"1":4,"2":3,"3":3,"4":3,"5":2,"6":1},"f":{"0":3},"b":{}}
,"/home/davispc10/Desktop/Projects/Javascript/cardapio/server/src/app/validators/SessionStore.ts": {"path":"/home/davispc10/Desktop/Projects/Javascript/cardapio/server/src/app/validators/SessionStore.ts","statementMap":{"0":{"start":{"line":2,"column":0},"end":{"line":2,"column":26}},"1":{"start":{"line":4,"column":0},"end":{"line":17,"column":null}},"2":{"start":{"line":5,"column":2},"end":{"line":16,"column":null}},"3":{"start":{"line":6,"column":19},"end":{"line":9,"column":6}},"4":{"start":{"line":11,"column":4},"end":{"line":11,"column":null}},"5":{"start":{"line":13,"column":4},"end":{"line":13,"column":null}},"6":{"start":{"line":15,"column":4},"end":{"line":15,"column":null}}},"fnMap":{"0":{"name":"(anonymous_6)","decl":{"start":{"line":4,"column":15},"end":{"line":4,"column":20}},"loc":{"start":{"line":4,"column":99},"end":{"line":17,"column":1}}}},"branchMap":{},"s":{"0":4,"1":4,"2":20,"3":20,"4":20,"5":19,"6":1},"f":{"0":20},"b":{}}
,"/home/davispc10/Desktop/Projects/Javascript/cardapio/server/src/app/validators/UserStore.ts": {"path":"/home/davispc10/Desktop/Projects/Javascript/cardapio/server/src/app/validators/UserStore.ts","statementMap":{"0":{"start":{"line":2,"column":0},"end":{"line":2,"column":26}},"1":{"start":{"line":4,"column":0},"end":{"line":23,"column":null}},"2":{"start":{"line":5,"column":2},"end":{"line":22,"column":null}},"3":{"start":{"line":6,"column":19},"end":{"line":15,"column":6}},"4":{"start":{"line":17,"column":4},"end":{"line":17,"column":null}},"5":{"start":{"line":19,"column":4},"end":{"line":19,"column":null}},"6":{"start":{"line":21,"column":4},"end":{"line":21,"column":null}}},"fnMap":{"0":{"name":"(anonymous_6)","decl":{"start":{"line":4,"column":15},"end":{"line":4,"column":20}},"loc":{"start":{"line":4,"column":99},"end":{"line":23,"column":1}}}},"branchMap":{},"s":{"0":4,"1":4,"2":26,"3":26,"4":26,"5":25,"6":1},"f":{"0":26},"b":{}}
,"/home/davispc10/Desktop/Projects/Javascript/cardapio/server/src/app/validators/UserUpdate.ts": {"path":"/home/davispc10/Desktop/Projects/Javascript/cardapio/server/src/app/validators/UserUpdate.ts","statementMap":{"0":{"start":{"line":2,"column":0},"end":{"line":2,"column":26}},"1":{"start":{"line":4,"column":0},"end":{"line":32,"column":null}},"2":{"start":{"line":5,"column":2},"end":{"line":31,"column":null}},"3":{"start":{"line":6,"column":19},"end":{"line":24,"column":6}},"4":{"start":{"line":18,"column":10},"end":{"line":18,"column":48}},"5":{"start":{"line":22,"column":10},"end":{"line":22,"column":74}},"6":{"start":{"line":26,"column":4},"end":{"line":26,"column":null}},"7":{"start":{"line":28,"column":4},"end":{"line":28,"column":null}},"8":{"start":{"line":30,"column":4},"end":{"line":30,"column":null}}},"fnMap":{"0":{"name":"(anonymous_6)","decl":{"start":{"line":4,"column":15},"end":{"line":4,"column":20}},"loc":{"start":{"line":4,"column":99},"end":{"line":32,"column":1}}},"1":{"name":"(anonymous_7)","decl":{"start":{"line":17,"column":29},"end":{"line":17,"column":30}},"loc":{"start":{"line":18,"column":10},"end":{"line":18,"column":48}}},"2":{"name":"(anonymous_8)","decl":{"start":{"line":21,"column":26},"end":{"line":21,"column":27}},"loc":{"start":{"line":22,"column":10},"end":{"line":22,"column":74}}}},"branchMap":{"0":{"loc":{"start":{"line":18,"column":24},"end":{"line":18,"column":40}},"type":"cond-expr","locations":[{"start":{"line":18,"column":24},"end":{"line":18,"column":40}},{"start":{"line":18,"column":43},"end":{"line":18,"column":48}}]},"1":{"loc":{"start":{"line":22,"column":21},"end":{"line":22,"column":66}},"type":"cond-expr","locations":[{"start":{"line":22,"column":21},"end":{"line":22,"column":66}},{"start":{"line":22,"column":69},"end":{"line":22,"column":74}}]}},"s":{"0":4,"1":4,"2":8,"3":8,"4":16,"5":16,"6":8,"7":7,"8":1},"f":{"0":8,"1":16,"2":16},"b":{"0":[4,12],"1":[4,12]}}
}
