{"/home/davispc10/Desktop/Projects/Javascript/cardapio/server/src/app/controllers/BusinessController.ts": {"path":"/home/davispc10/Desktop/Projects/Javascript/cardapio/server/src/app/controllers/BusinessController.ts","statementMap":{"0":{"start":{"line":2,"column":0},"end":{"line":2,"column":39}},"1":{"start":{"line":4,"column":0},"end":{"line":4,"column":37}},"2":{"start":{"line":5,"column":0},"end":{"line":5,"column":39}},"3":{"start":{"line":6,"column":0},"end":{"line":6,"column":31}},"4":{"start":{"line":7,"column":0},"end":{"line":7,"column":37}},"5":{"start":{"line":8,"column":0},"end":{"line":8,"column":31}},"6":{"start":{"line":12,"column":17},"end":{"line":14,"column":6}},"7":{"start":{"line":16,"column":4},"end":{"line":16,"column":null}},"8":{"start":{"line":20,"column":19},"end":{"line":20,"column":29}},"9":{"start":{"line":22,"column":21},"end":{"line":24,"column":6}},"10":{"start":{"line":26,"column":4},"end":{"line":26,"column":null}},"11":{"start":{"line":30,"column":71},"end":{"line":30,"column":79}},"12":{"start":{"line":32,"column":17},"end":{"line":34,"column":6}},"13":{"start":{"line":36,"column":4},"end":{"line":38,"column":null}},"14":{"start":{"line":37,"column":6},"end":{"line":37,"column":null}},"15":{"start":{"line":40,"column":20},"end":{"line":40,"column":52}},"16":{"start":{"line":42,"column":4},"end":{"line":44,"column":null}},"17":{"start":{"line":43,"column":6},"end":{"line":43,"column":null}},"18":{"start":{"line":46,"column":55},"end":{"line":46,"column":63}},"19":{"start":{"line":48,"column":4},"end":{"line":85,"column":null}},"20":{"start":{"line":49,"column":19},"end":{"line":49,"column":56}},"21":{"start":{"line":51,"column":6},"end":{"line":51,"column":null}},"22":{"start":{"line":53,"column":68},"end":{"line":53,"column":76}},"23":{"start":{"line":55,"column":22},"end":{"line":62,"column":8}},"24":{"start":{"line":64,"column":6},"end":{"line":64,"column":null}},"25":{"start":{"line":66,"column":23},"end":{"line":75,"column":8}},"26":{"start":{"line":77,"column":6},"end":{"line":77,"column":null}},"27":{"start":{"line":79,"column":6},"end":{"line":79,"column":null}},"28":{"start":{"line":81,"column":6},"end":{"line":81,"column":null}},"29":{"start":{"line":82,"column":6},"end":{"line":82,"column":null}},"30":{"start":{"line":84,"column":6},"end":{"line":84,"column":null}},"31":{"start":{"line":89,"column":0},"end":{"line":89,"column":null}}},"fnMap":{"0":{"name":"(anonymous_1)","decl":{"start":{"line":11,"column":9},"end":{"line":11,"column":14}},"loc":{"start":{"line":11,"column":49},"end":{"line":17,"column":3}}},"1":{"name":"(anonymous_2)","decl":{"start":{"line":19,"column":9},"end":{"line":19,"column":14}},"loc":{"start":{"line":19,"column":48},"end":{"line":27,"column":3}}},"2":{"name":"(anonymous_3)","decl":{"start":{"line":29,"column":9},"end":{"line":29,"column":14}},"loc":{"start":{"line":29,"column":49},"end":{"line":86,"column":3}}},"3":{"name":"(anonymous_4)","decl":{"start":{"line":48,"column":38},"end":{"line":48,"column":43}},"loc":{"start":{"line":48,"column":58},"end":{"line":85,"column":5}}}},"branchMap":{"0":{"loc":{"start":{"line":36,"column":4},"end":{"line":38,"column":null}},"type":"if","locations":[{"start":{"line":36,"column":4},"end":{"line":38,"column":null}},{"start":{"line":36,"column":4},"end":{"line":38,"column":null}}]},"1":{"loc":{"start":{"line":42,"column":4},"end":{"line":44,"column":null}},"type":"if","locations":[{"start":{"line":42,"column":4},"end":{"line":44,"column":null}},{"start":{"line":42,"column":4},"end":{"line":44,"column":null}}]}},"s":{"0":6,"1":6,"2":6,"3":6,"4":6,"5":6,"6":1,"7":1,"8":1,"9":1,"10":1,"11":14,"12":14,"13":14,"14":1,"15":13,"16":13,"17":1,"18":12,"19":12,"20":12,"21":12,"22":12,"23":12,"24":12,"25":12,"26":12,"27":12,"28":12,"29":12,"30":12,"31":6},"f":{"0":1,"1":1,"2":14,"3":12},"b":{"0":[1,13],"1":[1,12]}}
,"/home/davispc10/Desktop/Projects/Javascript/cardapio/server/src/app/controllers/CategoryController.ts": {"path":"/home/davispc10/Desktop/Projects/Javascript/cardapio/server/src/app/controllers/CategoryController.ts","statementMap":{"0":{"start":{"line":3,"column":0},"end":{"line":3,"column":39}},"1":{"start":{"line":4,"column":0},"end":{"line":4,"column":39}},"2":{"start":{"line":5,"column":0},"end":{"line":5,"column":31}},"3":{"start":{"line":9,"column":21},"end":{"line":9,"column":66}},"4":{"start":{"line":11,"column":4},"end":{"line":13,"column":null}},"5":{"start":{"line":12,"column":6},"end":{"line":12,"column":null}},"6":{"start":{"line":15,"column":23},"end":{"line":18,"column":6}},"7":{"start":{"line":20,"column":4},"end":{"line":20,"column":null}},"8":{"start":{"line":24,"column":21},"end":{"line":24,"column":66}},"9":{"start":{"line":26,"column":4},"end":{"line":28,"column":null}},"10":{"start":{"line":27,"column":6},"end":{"line":27,"column":null}},"11":{"start":{"line":30,"column":21},"end":{"line":32,"column":6}},"12":{"start":{"line":34,"column":4},"end":{"line":34,"column":null}},"13":{"start":{"line":38,"column":28},"end":{"line":38,"column":36}},"14":{"start":{"line":39,"column":19},"end":{"line":39,"column":29}},"15":{"start":{"line":41,"column":17},"end":{"line":41,"column":47}},"16":{"start":{"line":43,"column":4},"end":{"line":45,"column":null}},"17":{"start":{"line":44,"column":6},"end":{"line":44,"column":null}},"18":{"start":{"line":47,"column":21},"end":{"line":47,"column":66}},"19":{"start":{"line":49,"column":4},"end":{"line":51,"column":null}},"20":{"start":{"line":50,"column":6},"end":{"line":50,"column":null}},"21":{"start":{"line":53,"column":21},"end":{"line":55,"column":6}},"22":{"start":{"line":57,"column":4},"end":{"line":59,"column":null}},"23":{"start":{"line":58,"column":6},"end":{"line":58,"column":null}},"24":{"start":{"line":61,"column":4},"end":{"line":61,"column":null}},"25":{"start":{"line":63,"column":4},"end":{"line":63,"column":null}},"26":{"start":{"line":65,"column":4},"end":{"line":65,"column":null}},"27":{"start":{"line":69,"column":27},"end":{"line":69,"column":37}},"28":{"start":{"line":70,"column":28},"end":{"line":70,"column":36}},"29":{"start":{"line":72,"column":17},"end":{"line":72,"column":47}},"30":{"start":{"line":74,"column":4},"end":{"line":76,"column":null}},"31":{"start":{"line":75,"column":6},"end":{"line":75,"column":null}},"32":{"start":{"line":78,"column":21},"end":{"line":78,"column":63}},"33":{"start":{"line":80,"column":4},"end":{"line":82,"column":null}},"34":{"start":{"line":81,"column":6},"end":{"line":81,"column":null}},"35":{"start":{"line":85,"column":21},"end":{"line":87,"column":6}},"36":{"start":{"line":89,"column":4},"end":{"line":89,"column":null}},"37":{"start":{"line":91,"column":4},"end":{"line":91,"column":null}},"38":{"start":{"line":95,"column":17},"end":{"line":95,"column":47}},"39":{"start":{"line":97,"column":4},"end":{"line":99,"column":null}},"40":{"start":{"line":98,"column":6},"end":{"line":98,"column":null}},"41":{"start":{"line":101,"column":21},"end":{"line":101,"column":66}},"42":{"start":{"line":103,"column":4},"end":{"line":105,"column":null}},"43":{"start":{"line":104,"column":6},"end":{"line":104,"column":null}},"44":{"start":{"line":107,"column":4},"end":{"line":110,"column":null}},"45":{"start":{"line":112,"column":4},"end":{"line":112,"column":null}},"46":{"start":{"line":116,"column":0},"end":{"line":116,"column":null}}},"fnMap":{"0":{"name":"(anonymous_1)","decl":{"start":{"line":8,"column":9},"end":{"line":8,"column":14}},"loc":{"start":{"line":8,"column":49},"end":{"line":21,"column":3}}},"1":{"name":"(anonymous_2)","decl":{"start":{"line":23,"column":9},"end":{"line":23,"column":14}},"loc":{"start":{"line":23,"column":48},"end":{"line":35,"column":3}}},"2":{"name":"(anonymous_3)","decl":{"start":{"line":37,"column":9},"end":{"line":37,"column":14}},"loc":{"start":{"line":37,"column":50},"end":{"line":66,"column":3}}},"3":{"name":"(anonymous_4)","decl":{"start":{"line":68,"column":9},"end":{"line":68,"column":14}},"loc":{"start":{"line":68,"column":49},"end":{"line":92,"column":3}}},"4":{"name":"(anonymous_5)","decl":{"start":{"line":94,"column":9},"end":{"line":94,"column":14}},"loc":{"start":{"line":94,"column":50},"end":{"line":113,"column":3}}}},"branchMap":{"0":{"loc":{"start":{"line":11,"column":4},"end":{"line":13,"column":null}},"type":"if","locations":[{"start":{"line":11,"column":4},"end":{"line":13,"column":null}},{"start":{"line":11,"column":4},"end":{"line":13,"column":null}}]},"1":{"loc":{"start":{"line":26,"column":4},"end":{"line":28,"column":null}},"type":"if","locations":[{"start":{"line":26,"column":4},"end":{"line":28,"column":null}},{"start":{"line":26,"column":4},"end":{"line":28,"column":null}}]},"2":{"loc":{"start":{"line":43,"column":4},"end":{"line":45,"column":null}},"type":"if","locations":[{"start":{"line":43,"column":4},"end":{"line":45,"column":null}},{"start":{"line":43,"column":4},"end":{"line":45,"column":null}}]},"3":{"loc":{"start":{"line":49,"column":4},"end":{"line":51,"column":null}},"type":"if","locations":[{"start":{"line":49,"column":4},"end":{"line":51,"column":null}},{"start":{"line":49,"column":4},"end":{"line":51,"column":null}}]},"4":{"loc":{"start":{"line":57,"column":4},"end":{"line":59,"column":null}},"type":"if","locations":[{"start":{"line":57,"column":4},"end":{"line":59,"column":null}},{"start":{"line":57,"column":4},"end":{"line":59,"column":null}}]},"5":{"loc":{"start":{"line":74,"column":4},"end":{"line":76,"column":null}},"type":"if","locations":[{"start":{"line":74,"column":4},"end":{"line":76,"column":null}},{"start":{"line":74,"column":4},"end":{"line":76,"column":null}}]},"6":{"loc":{"start":{"line":80,"column":4},"end":{"line":82,"column":null}},"type":"if","locations":[{"start":{"line":80,"column":4},"end":{"line":82,"column":null}},{"start":{"line":80,"column":4},"end":{"line":82,"column":null}}]},"7":{"loc":{"start":{"line":97,"column":4},"end":{"line":99,"column":null}},"type":"if","locations":[{"start":{"line":97,"column":4},"end":{"line":99,"column":null}},{"start":{"line":97,"column":4},"end":{"line":99,"column":null}}]},"8":{"loc":{"start":{"line":103,"column":4},"end":{"line":105,"column":null}},"type":"if","locations":[{"start":{"line":103,"column":4},"end":{"line":105,"column":null}},{"start":{"line":103,"column":4},"end":{"line":105,"column":null}}]}},"s":{"0":6,"1":6,"2":6,"3":3,"4":3,"5":2,"6":1,"7":1,"8":2,"9":2,"10":1,"11":1,"12":1,"13":4,"14":4,"15":4,"16":4,"17":1,"18":3,"19":3,"20":1,"21":2,"22":2,"23":1,"24":1,"25":1,"26":1,"27":10,"28":10,"29":10,"30":10,"31":1,"32":9,"33":9,"34":1,"35":8,"36":8,"37":8,"38":3,"39":3,"40":1,"41":2,"42":2,"43":1,"44":1,"45":1,"46":6},"f":{"0":3,"1":2,"2":4,"3":10,"4":3},"b":{"0":[2,1],"1":[1,1],"2":[1,3],"3":[1,2],"4":[1,1],"5":[1,9],"6":[1,8],"7":[1,2],"8":[1,1]}}
,"/home/davispc10/Desktop/Projects/Javascript/cardapio/server/src/app/controllers/FileController.ts": {"path":"/home/davispc10/Desktop/Projects/Javascript/cardapio/server/src/app/controllers/FileController.ts","statementMap":{"0":{"start":{"line":3,"column":0},"end":{"line":3,"column":31}},"1":{"start":{"line":4,"column":0},"end":{"line":4,"column":31}},"2":{"start":{"line":8,"column":51},"end":{"line":8,"column":59}},"3":{"start":{"line":10,"column":17},"end":{"line":10,"column":44}},"4":{"start":{"line":12,"column":17},"end":{"line":12,"column":47}},"5":{"start":{"line":14,"column":4},"end":{"line":16,"column":null}},"6":{"start":{"line":15,"column":6},"end":{"line":15,"column":null}},"7":{"start":{"line":18,"column":4},"end":{"line":18,"column":null}},"8":{"start":{"line":20,"column":4},"end":{"line":20,"column":null}},"9":{"start":{"line":21,"column":4},"end":{"line":21,"column":null}},"10":{"start":{"line":23,"column":4},"end":{"line":23,"column":null}},"11":{"start":{"line":27,"column":0},"end":{"line":27,"column":null}}},"fnMap":{"0":{"name":"(anonymous_1)","decl":{"start":{"line":7,"column":9},"end":{"line":7,"column":14}},"loc":{"start":{"line":7,"column":49},"end":{"line":24,"column":3}}}},"branchMap":{"0":{"loc":{"start":{"line":14,"column":4},"end":{"line":16,"column":null}},"type":"if","locations":[{"start":{"line":14,"column":4},"end":{"line":16,"column":null}},{"start":{"line":14,"column":4},"end":{"line":16,"column":null}}]}},"s":{"0":6,"1":6,"2":2,"3":2,"4":2,"5":2,"6":1,"7":1,"8":1,"9":1,"10":1,"11":6},"f":{"0":2},"b":{"0":[1,1]}}
,"/home/davispc10/Desktop/Projects/Javascript/cardapio/server/src/app/controllers/SegmentController.ts": {"path":"/home/davispc10/Desktop/Projects/Javascript/cardapio/server/src/app/controllers/SegmentController.ts","statementMap":{"0":{"start":{"line":3,"column":0},"end":{"line":3,"column":37}},"1":{"start":{"line":7,"column":21},"end":{"line":12,"column":6}},"2":{"start":{"line":14,"column":4},"end":{"line":14,"column":null}},"3":{"start":{"line":18,"column":28},"end":{"line":18,"column":36}},"4":{"start":{"line":20,"column":20},"end":{"line":20,"column":51}},"5":{"start":{"line":22,"column":4},"end":{"line":22,"column":null}},"6":{"start":{"line":24,"column":4},"end":{"line":24,"column":null}},"7":{"start":{"line":28,"column":0},"end":{"line":28,"column":null}}},"fnMap":{"0":{"name":"(anonymous_1)","decl":{"start":{"line":6,"column":9},"end":{"line":6,"column":14}},"loc":{"start":{"line":6,"column":49},"end":{"line":15,"column":3}}},"1":{"name":"(anonymous_2)","decl":{"start":{"line":17,"column":9},"end":{"line":17,"column":14}},"loc":{"start":{"line":17,"column":49},"end":{"line":25,"column":3}}}},"branchMap":{},"s":{"0":6,"1":1,"2":1,"3":15,"4":15,"5":15,"6":15,"7":6},"f":{"0":1,"1":15},"b":{}}
,"/home/davispc10/Desktop/Projects/Javascript/cardapio/server/src/app/controllers/SessionControler.ts": {"path":"/home/davispc10/Desktop/Projects/Javascript/cardapio/server/src/app/controllers/SessionControler.ts","statementMap":{"0":{"start":{"line":2,"column":0},"end":{"line":2,"column":30}},"1":{"start":{"line":4,"column":0},"end":{"line":4,"column":37}},"2":{"start":{"line":5,"column":0},"end":{"line":5,"column":31}},"3":{"start":{"line":9,"column":35},"end":{"line":9,"column":43}},"4":{"start":{"line":11,"column":17},"end":{"line":11,"column":49}},"5":{"start":{"line":13,"column":4},"end":{"line":15,"column":null}},"6":{"start":{"line":14,"column":6},"end":{"line":14,"column":null}},"7":{"start":{"line":17,"column":4},"end":{"line":19,"column":null}},"8":{"start":{"line":18,"column":6},"end":{"line":18,"column":null}},"9":{"start":{"line":21,"column":51},"end":{"line":21,"column":55}},"10":{"start":{"line":23,"column":4},"end":{"line":30,"column":null}},"11":{"start":{"line":34,"column":0},"end":{"line":34,"column":null}}},"fnMap":{"0":{"name":"(anonymous_1)","decl":{"start":{"line":8,"column":9},"end":{"line":8,"column":14}},"loc":{"start":{"line":8,"column":49},"end":{"line":31,"column":3}}}},"branchMap":{"0":{"loc":{"start":{"line":13,"column":4},"end":{"line":15,"column":null}},"type":"if","locations":[{"start":{"line":13,"column":4},"end":{"line":15,"column":null}},{"start":{"line":13,"column":4},"end":{"line":15,"column":null}}]},"1":{"loc":{"start":{"line":17,"column":4},"end":{"line":19,"column":null}},"type":"if","locations":[{"start":{"line":17,"column":4},"end":{"line":19,"column":null}},{"start":{"line":17,"column":4},"end":{"line":19,"column":null}}]}},"s":{"0":6,"1":6,"2":6,"3":36,"4":36,"5":36,"6":1,"7":35,"8":1,"9":34,"10":34,"11":6},"f":{"0":36},"b":{"0":[1,35],"1":[1,34]}}
,"/home/davispc10/Desktop/Projects/Javascript/cardapio/server/src/app/controllers/UserController.ts": {"path":"/home/davispc10/Desktop/Projects/Javascript/cardapio/server/src/app/controllers/UserController.ts","statementMap":{"0":{"start":{"line":3,"column":0},"end":{"line":3,"column":31}},"1":{"start":{"line":64,"column":9},"end":{"line":116,"column":null}},"2":{"start":{"line":65,"column":62},"end":{"line":65,"column":70}},"3":{"start":{"line":67,"column":17},"end":{"line":67,"column":47}},"4":{"start":{"line":69,"column":4},"end":{"line":71,"column":null}},"5":{"start":{"line":70,"column":6},"end":{"line":70,"column":null}},"6":{"start":{"line":73,"column":4},"end":{"line":79,"column":null}},"7":{"start":{"line":74,"column":24},"end":{"line":74,"column":53}},"8":{"start":{"line":76,"column":6},"end":{"line":78,"column":null}},"9":{"start":{"line":77,"column":8},"end":{"line":77,"column":null}},"10":{"start":{"line":81,"column":4},"end":{"line":87,"column":null}},"11":{"start":{"line":82,"column":24},"end":{"line":82,"column":56}},"12":{"start":{"line":84,"column":6},"end":{"line":86,"column":null}},"13":{"start":{"line":85,"column":8},"end":{"line":85,"column":null}},"14":{"start":{"line":89,"column":4},"end":{"line":91,"column":null}},"15":{"start":{"line":90,"column":6},"end":{"line":90,"column":null}},"16":{"start":{"line":93,"column":20},"end":{"line":93,"column":46}},"17":{"start":{"line":95,"column":4},"end":{"line":100,"column":null}},"18":{"start":{"line":96,"column":6},"end":{"line":96,"column":null}},"19":{"start":{"line":97,"column":6},"end":{"line":97,"column":null}},"20":{"start":{"line":98,"column":11},"end":{"line":100,"column":null}},"21":{"start":{"line":99,"column":6},"end":{"line":99,"column":null}},"22":{"start":{"line":102,"column":4},"end":{"line":102,"column":null}},"23":{"start":{"line":104,"column":60},"end":{"line":104,"column":67}},"24":{"start":{"line":106,"column":4},"end":{"line":115,"column":null}},"25":{"start":{"line":7,"column":18},"end":{"line":13,"column":6}},"26":{"start":{"line":15,"column":4},"end":{"line":15,"column":null}},"27":{"start":{"line":19,"column":17},"end":{"line":22,"column":6}},"28":{"start":{"line":24,"column":4},"end":{"line":26,"column":null}},"29":{"start":{"line":25,"column":6},"end":{"line":25,"column":null}},"30":{"start":{"line":28,"column":4},"end":{"line":28,"column":null}},"31":{"start":{"line":32,"column":27},"end":{"line":32,"column":35}},"32":{"start":{"line":34,"column":20},"end":{"line":34,"column":65}},"33":{"start":{"line":36,"column":4},"end":{"line":38,"column":null}},"34":{"start":{"line":37,"column":6},"end":{"line":37,"column":null}},"35":{"start":{"line":40,"column":4},"end":{"line":40,"column":null}},"36":{"start":{"line":42,"column":4},"end":{"line":44,"column":null}},"37":{"start":{"line":43,"column":6},"end":{"line":43,"column":null}},"38":{"start":{"line":46,"column":17},"end":{"line":46,"column":45}},"39":{"start":{"line":48,"column":4},"end":{"line":48,"column":null}},"40":{"start":{"line":50,"column":77},"end":{"line":50,"column":81}},"41":{"start":{"line":52,"column":4},"end":{"line":61,"column":null}},"42":{"start":{"line":119,"column":0},"end":{"line":119,"column":null}}},"fnMap":{"0":{"name":"(anonymous_1)","decl":{"start":{"line":5,"column":0},"end":{"line":5,"column":6}},"loc":{"start":{"line":5,"column":0},"end":{"line":117,"column":1}}},"1":{"name":"(anonymous_2)","decl":{"start":{"line":64,"column":18},"end":{"line":64,"column":23}},"loc":{"start":{"line":64,"column":56},"end":{"line":116,"column":3}}},"2":{"name":"(anonymous_3)","decl":{"start":{"line":6,"column":9},"end":{"line":6,"column":14}},"loc":{"start":{"line":6,"column":49},"end":{"line":16,"column":3}}},"3":{"name":"(anonymous_4)","decl":{"start":{"line":18,"column":9},"end":{"line":18,"column":14}},"loc":{"start":{"line":18,"column":48},"end":{"line":29,"column":3}}},"4":{"name":"(anonymous_5)","decl":{"start":{"line":31,"column":9},"end":{"line":31,"column":14}},"loc":{"start":{"line":31,"column":49},"end":{"line":62,"column":3}}}},"branchMap":{"0":{"loc":{"start":{"line":69,"column":4},"end":{"line":71,"column":null}},"type":"if","locations":[{"start":{"line":69,"column":4},"end":{"line":71,"column":null}},{"start":{"line":69,"column":4},"end":{"line":71,"column":null}}]},"1":{"loc":{"start":{"line":73,"column":4},"end":{"line":79,"column":null}},"type":"if","locations":[{"start":{"line":73,"column":4},"end":{"line":79,"column":null}},{"start":{"line":73,"column":4},"end":{"line":79,"column":null}}]},"2":{"loc":{"start":{"line":76,"column":6},"end":{"line":78,"column":null}},"type":"if","locations":[{"start":{"line":76,"column":6},"end":{"line":78,"column":null}},{"start":{"line":76,"column":6},"end":{"line":78,"column":null}}]},"3":{"loc":{"start":{"line":81,"column":4},"end":{"line":87,"column":null}},"type":"if","locations":[{"start":{"line":81,"column":4},"end":{"line":87,"column":null}},{"start":{"line":81,"column":4},"end":{"line":87,"column":null}}]},"4":{"loc":{"start":{"line":84,"column":6},"end":{"line":86,"column":null}},"type":"if","locations":[{"start":{"line":84,"column":6},"end":{"line":86,"column":null}},{"start":{"line":84,"column":6},"end":{"line":86,"column":null}}]},"5":{"loc":{"start":{"line":89,"column":4},"end":{"line":91,"column":null}},"type":"if","locations":[{"start":{"line":89,"column":4},"end":{"line":91,"column":null}},{"start":{"line":89,"column":4},"end":{"line":91,"column":null}}]},"6":{"loc":{"start":{"line":89,"column":8},"end":{"line":89,"column":19}},"type":"binary-expr","locations":[{"start":{"line":89,"column":8},"end":{"line":89,"column":19}},{"start":{"line":89,"column":23},"end":{"line":89,"column":57}}]},"7":{"loc":{"start":{"line":95,"column":4},"end":{"line":100,"column":null}},"type":"if","locations":[{"start":{"line":95,"column":4},"end":{"line":100,"column":null}},{"start":{"line":95,"column":4},"end":{"line":100,"column":null}}]},"8":{"loc":{"start":{"line":98,"column":11},"end":{"line":100,"column":null}},"type":"if","locations":[{"start":{"line":98,"column":11},"end":{"line":100,"column":null}},{"start":{"line":98,"column":11},"end":{"line":100,"column":null}}]},"9":{"loc":{"start":{"line":24,"column":4},"end":{"line":26,"column":null}},"type":"if","locations":[{"start":{"line":24,"column":4},"end":{"line":26,"column":null}},{"start":{"line":24,"column":4},"end":{"line":26,"column":null}}]},"10":{"loc":{"start":{"line":36,"column":4},"end":{"line":38,"column":null}},"type":"if","locations":[{"start":{"line":36,"column":4},"end":{"line":38,"column":null}},{"start":{"line":36,"column":4},"end":{"line":38,"column":null}}]},"11":{"loc":{"start":{"line":42,"column":4},"end":{"line":44,"column":null}},"type":"if","locations":[{"start":{"line":42,"column":4},"end":{"line":44,"column":null}},{"start":{"line":42,"column":4},"end":{"line":44,"column":null}}]}},"s":{"0":6,"1":6,"2":7,"3":7,"4":7,"5":1,"6":6,"7":2,"8":2,"9":1,"10":5,"11":2,"12":2,"13":1,"14":4,"15":1,"16":3,"17":3,"18":1,"19":1,"20":2,"21":1,"22":3,"23":3,"24":3,"25":1,"26":1,"27":2,"28":2,"29":1,"30":1,"31":42,"32":42,"33":42,"34":1,"35":41,"36":41,"37":1,"38":40,"39":40,"40":40,"41":40,"42":6},"f":{"0":6,"1":7,"2":1,"3":2,"4":42},"b":{"0":[1,6],"1":[2,4],"2":[1,1],"3":[2,3],"4":[1,1],"5":[1,3],"6":[4,2],"7":[1,2],"8":[1,1],"9":[1,1],"10":[1,41],"11":[1,40]}}
,"/home/davispc10/Desktop/Projects/Javascript/cardapio/server/src/app/middlewares/auth.ts": {"path":"/home/davispc10/Desktop/Projects/Javascript/cardapio/server/src/app/middlewares/auth.ts","statementMap":{"0":{"start":{"line":2,"column":0},"end":{"line":2,"column":30}},"1":{"start":{"line":4,"column":0},"end":{"line":4,"column":37}},"2":{"start":{"line":12,"column":0},"end":{"line":31,"column":null}},"3":{"start":{"line":13,"column":21},"end":{"line":13,"column":46}},"4":{"start":{"line":15,"column":2},"end":{"line":17,"column":null}},"5":{"start":{"line":16,"column":4},"end":{"line":16,"column":null}},"6":{"start":{"line":19,"column":20},"end":{"line":19,"column":41}},"7":{"start":{"line":21,"column":2},"end":{"line":30,"column":null}},"8":{"start":{"line":22,"column":20},"end":{"line":22,"column":81}},"9":{"start":{"line":25,"column":4},"end":{"line":25,"column":null}},"10":{"start":{"line":27,"column":4},"end":{"line":27,"column":null}},"11":{"start":{"line":29,"column":4},"end":{"line":29,"column":null}}},"fnMap":{"0":{"name":"(anonymous_1)","decl":{"start":{"line":12,"column":15},"end":{"line":12,"column":20}},"loc":{"start":{"line":12,"column":99},"end":{"line":31,"column":1}}}},"branchMap":{"0":{"loc":{"start":{"line":15,"column":2},"end":{"line":17,"column":null}},"type":"if","locations":[{"start":{"line":15,"column":2},"end":{"line":17,"column":null}},{"start":{"line":15,"column":2},"end":{"line":17,"column":null}}]}},"s":{"0":6,"1":6,"2":6,"3":72,"4":72,"5":1,"6":71,"7":71,"8":71,"9":70,"10":70,"11":1},"f":{"0":72},"b":{"0":[1,71]}}
,"/home/davispc10/Desktop/Projects/Javascript/cardapio/server/src/app/models/Address.ts": {"path":"/home/davispc10/Desktop/Projects/Javascript/cardapio/server/src/app/models/Address.ts","statementMap":{"0":{"start":{"line":1,"column":0},"end":{"line":1,"column":123}},"1":{"start":{"line":3,"column":0},"end":{"line":3,"column":33}},"2":{"start":{"line":6,"column":0},"end":{"line":41,"column":null}},"3":{"start":{"line":38,"column":4},"end":{"line":38,"column":null}},"4":{"start":{"line":39,"column":4},"end":{"line":39,"column":null}},"5":{"start":{"line":8,"column":2},"end":{"line":8,"column":null}},"6":{"start":{"line":11,"column":2},"end":{"line":11,"column":null}},"7":{"start":{"line":14,"column":2},"end":{"line":14,"column":null}},"8":{"start":{"line":17,"column":2},"end":{"line":17,"column":null}},"9":{"start":{"line":20,"column":2},"end":{"line":20,"column":null}},"10":{"start":{"line":23,"column":2},"end":{"line":23,"column":null}},"11":{"start":{"line":26,"column":2},"end":{"line":26,"column":null}},"12":{"start":{"line":29,"column":2},"end":{"line":29,"column":null}},"13":{"start":{"line":28,"column":21},"end":{"line":28,"column":29}},"14":{"start":{"line":28,"column":43},"end":{"line":28,"column":61}},"15":{"start":{"line":32,"column":2},"end":{"line":32,"column":null}},"16":{"start":{"line":35,"column":2},"end":{"line":35,"column":null}},"17":{"start":{"line":6,"column":21},"end":{"line":41,"column":null}},"18":{"start":{"line":6,"column":21},"end":{"line":6,"column":29}}},"fnMap":{"0":{"name":"(anonymous_3)","decl":{"start":{"line":37,"column":2},"end":{"line":37,"column":15}},"loc":{"start":{"line":37,"column":31},"end":{"line":40,"column":3}}},"1":{"name":"(anonymous_4)","decl":{"start":{"line":28,"column":13},"end":{"line":28,"column":17}},"loc":{"start":{"line":28,"column":21},"end":{"line":28,"column":29}}},"2":{"name":"(anonymous_5)","decl":{"start":{"line":28,"column":31},"end":{"line":28,"column":39}},"loc":{"start":{"line":28,"column":43},"end":{"line":28,"column":61}}}},"branchMap":{},"s":{"0":7,"1":7,"2":7,"3":30,"4":30,"5":7,"6":7,"7":7,"8":7,"9":7,"10":7,"11":7,"12":7,"13":13,"14":13,"15":7,"16":7,"17":7,"18":7},"f":{"0":30,"1":13,"2":13},"b":{}}
,"/home/davispc10/Desktop/Projects/Javascript/cardapio/server/src/app/models/Business.ts": {"path":"/home/davispc10/Desktop/Projects/Javascript/cardapio/server/src/app/models/Business.ts","statementMap":{"0":{"start":{"line":1,"column":0},"end":{"line":1,"column":156}},"1":{"start":{"line":3,"column":0},"end":{"line":3,"column":31}},"2":{"start":{"line":4,"column":0},"end":{"line":4,"column":33}},"3":{"start":{"line":5,"column":0},"end":{"line":5,"column":25}},"4":{"start":{"line":6,"column":0},"end":{"line":6,"column":31}},"5":{"start":{"line":7,"column":0},"end":{"line":7,"column":31}},"6":{"start":{"line":10,"column":0},"end":{"line":62,"column":null}},"7":{"start":{"line":59,"column":4},"end":{"line":59,"column":null}},"8":{"start":{"line":60,"column":4},"end":{"line":60,"column":null}},"9":{"start":{"line":12,"column":2},"end":{"line":12,"column":null}},"10":{"start":{"line":15,"column":2},"end":{"line":15,"column":null}},"11":{"start":{"line":18,"column":2},"end":{"line":18,"column":null}},"12":{"start":{"line":22,"column":2},"end":{"line":22,"column":null}},"13":{"start":{"line":20,"column":18},"end":{"line":20,"column":22}},"14":{"start":{"line":26,"column":2},"end":{"line":26,"column":null}},"15":{"start":{"line":24,"column":18},"end":{"line":24,"column":22}},"16":{"start":{"line":29,"column":2},"end":{"line":29,"column":null}},"17":{"start":{"line":32,"column":2},"end":{"line":32,"column":null}},"18":{"start":{"line":35,"column":2},"end":{"line":35,"column":null}},"19":{"start":{"line":38,"column":2},"end":{"line":38,"column":null}},"20":{"start":{"line":37,"column":21},"end":{"line":37,"column":28}},"21":{"start":{"line":37,"column":41},"end":{"line":37,"column":59}},"22":{"start":{"line":41,"column":2},"end":{"line":41,"column":null}},"23":{"start":{"line":40,"column":21},"end":{"line":40,"column":28}},"24":{"start":{"line":40,"column":41},"end":{"line":40,"column":57}},"25":{"start":{"line":44,"column":2},"end":{"line":44,"column":null}},"26":{"start":{"line":43,"column":21},"end":{"line":43,"column":29}},"27":{"start":{"line":43,"column":43},"end":{"line":43,"column":60}},"28":{"start":{"line":47,"column":2},"end":{"line":47,"column":null}},"29":{"start":{"line":46,"column":21},"end":{"line":46,"column":28}},"30":{"start":{"line":46,"column":41},"end":{"line":46,"column":57}},"31":{"start":{"line":50,"column":2},"end":{"line":50,"column":null}},"32":{"start":{"line":53,"column":2},"end":{"line":53,"column":null}},"33":{"start":{"line":56,"column":2},"end":{"line":56,"column":null}},"34":{"start":{"line":10,"column":21},"end":{"line":62,"column":null}},"35":{"start":{"line":10,"column":21},"end":{"line":10,"column":30}}},"fnMap":{"0":{"name":"(anonymous_3)","decl":{"start":{"line":58,"column":2},"end":{"line":58,"column":15}},"loc":{"start":{"line":58,"column":121},"end":{"line":61,"column":3}}},"1":{"name":"(anonymous_4)","decl":{"start":{"line":20,"column":12},"end":{"line":20,"column":15}},"loc":{"start":{"line":20,"column":18},"end":{"line":20,"column":22}}},"2":{"name":"(anonymous_5)","decl":{"start":{"line":24,"column":12},"end":{"line":24,"column":15}},"loc":{"start":{"line":24,"column":18},"end":{"line":24,"column":22}}},"3":{"name":"(anonymous_6)","decl":{"start":{"line":37,"column":13},"end":{"line":37,"column":17}},"loc":{"start":{"line":37,"column":21},"end":{"line":37,"column":28}}},"4":{"name":"(anonymous_7)","decl":{"start":{"line":37,"column":30},"end":{"line":37,"column":37}},"loc":{"start":{"line":37,"column":41},"end":{"line":37,"column":59}}},"5":{"name":"(anonymous_8)","decl":{"start":{"line":40,"column":13},"end":{"line":40,"column":17}},"loc":{"start":{"line":40,"column":21},"end":{"line":40,"column":28}}},"6":{"name":"(anonymous_9)","decl":{"start":{"line":40,"column":30},"end":{"line":40,"column":37}},"loc":{"start":{"line":40,"column":41},"end":{"line":40,"column":57}}},"7":{"name":"(anonymous_10)","decl":{"start":{"line":43,"column":13},"end":{"line":43,"column":17}},"loc":{"start":{"line":43,"column":21},"end":{"line":43,"column":29}}},"8":{"name":"(anonymous_11)","decl":{"start":{"line":43,"column":31},"end":{"line":43,"column":39}},"loc":{"start":{"line":43,"column":43},"end":{"line":43,"column":60}}},"9":{"name":"(anonymous_12)","decl":{"start":{"line":46,"column":13},"end":{"line":46,"column":17}},"loc":{"start":{"line":46,"column":21},"end":{"line":46,"column":28}}},"10":{"name":"(anonymous_13)","decl":{"start":{"line":46,"column":30},"end":{"line":46,"column":37}},"loc":{"start":{"line":46,"column":41},"end":{"line":46,"column":57}}}},"branchMap":{},"s":{"0":7,"1":7,"2":7,"3":7,"4":7,"5":7,"6":7,"7":62,"8":62,"9":7,"10":7,"11":7,"12":7,"13":13,"14":7,"15":13,"16":7,"17":7,"18":7,"19":7,"20":13,"21":13,"22":7,"23":13,"24":13,"25":7,"26":13,"27":13,"28":7,"29":13,"30":13,"31":7,"32":7,"33":7,"34":7,"35":7},"f":{"0":62,"1":13,"2":13,"3":13,"4":13,"5":13,"6":13,"7":13,"8":13,"9":13,"10":13},"b":{}}
,"/home/davispc10/Desktop/Projects/Javascript/cardapio/server/src/app/models/Category.ts": {"path":"/home/davispc10/Desktop/Projects/Javascript/cardapio/server/src/app/models/Category.ts","statementMap":{"0":{"start":{"line":1,"column":0},"end":{"line":1,"column":134}},"1":{"start":{"line":3,"column":0},"end":{"line":3,"column":33}},"2":{"start":{"line":4,"column":0},"end":{"line":4,"column":31}},"3":{"start":{"line":7,"column":0},"end":{"line":33,"column":null}},"4":{"start":{"line":30,"column":4},"end":{"line":30,"column":null}},"5":{"start":{"line":31,"column":4},"end":{"line":31,"column":null}},"6":{"start":{"line":9,"column":2},"end":{"line":9,"column":null}},"7":{"start":{"line":12,"column":2},"end":{"line":12,"column":null}},"8":{"start":{"line":15,"column":2},"end":{"line":15,"column":null}},"9":{"start":{"line":14,"column":21},"end":{"line":14,"column":29}},"10":{"start":{"line":14,"column":43},"end":{"line":14,"column":62}},"11":{"start":{"line":18,"column":2},"end":{"line":18,"column":null}},"12":{"start":{"line":17,"column":21},"end":{"line":17,"column":28}},"13":{"start":{"line":17,"column":41},"end":{"line":17,"column":57}},"14":{"start":{"line":21,"column":2},"end":{"line":21,"column":null}},"15":{"start":{"line":24,"column":2},"end":{"line":24,"column":null}},"16":{"start":{"line":27,"column":2},"end":{"line":27,"column":null}},"17":{"start":{"line":7,"column":21},"end":{"line":33,"column":null}},"18":{"start":{"line":7,"column":21},"end":{"line":7,"column":30}}},"fnMap":{"0":{"name":"(anonymous_3)","decl":{"start":{"line":29,"column":2},"end":{"line":29,"column":15}},"loc":{"start":{"line":29,"column":83},"end":{"line":32,"column":3}}},"1":{"name":"(anonymous_4)","decl":{"start":{"line":14,"column":13},"end":{"line":14,"column":17}},"loc":{"start":{"line":14,"column":21},"end":{"line":14,"column":29}}},"2":{"name":"(anonymous_5)","decl":{"start":{"line":14,"column":31},"end":{"line":14,"column":39}},"loc":{"start":{"line":14,"column":43},"end":{"line":14,"column":62}}},"3":{"name":"(anonymous_6)","decl":{"start":{"line":17,"column":13},"end":{"line":17,"column":17}},"loc":{"start":{"line":17,"column":21},"end":{"line":17,"column":28}}},"4":{"name":"(anonymous_7)","decl":{"start":{"line":17,"column":30},"end":{"line":17,"column":37}},"loc":{"start":{"line":17,"column":41},"end":{"line":17,"column":57}}}},"branchMap":{},"s":{"0":7,"1":7,"2":7,"3":7,"4":25,"5":25,"6":7,"7":7,"8":7,"9":13,"10":13,"11":7,"12":13,"13":13,"14":7,"15":7,"16":7,"17":7,"18":7},"f":{"0":25,"1":13,"2":13,"3":13,"4":13},"b":{}}
,"/home/davispc10/Desktop/Projects/Javascript/cardapio/server/src/app/models/File.ts": {"path":"/home/davispc10/Desktop/Projects/Javascript/cardapio/server/src/app/models/File.ts","statementMap":{"0":{"start":{"line":1,"column":0},"end":{"line":1,"column":123}},"1":{"start":{"line":4,"column":0},"end":{"line":31,"column":null}},"2":{"start":{"line":28,"column":4},"end":{"line":28,"column":null}},"3":{"start":{"line":29,"column":4},"end":{"line":29,"column":null}},"4":{"start":{"line":18,"column":4},"end":{"line":18,"column":null}},"5":{"start":{"line":6,"column":2},"end":{"line":6,"column":null}},"6":{"start":{"line":9,"column":2},"end":{"line":9,"column":null}},"7":{"start":{"line":12,"column":2},"end":{"line":12,"column":null}},"8":{"start":{"line":17,"column":2},"end":{"line":19,"column":null}},"9":{"start":{"line":22,"column":2},"end":{"line":22,"column":null}},"10":{"start":{"line":25,"column":2},"end":{"line":25,"column":null}},"11":{"start":{"line":4,"column":21},"end":{"line":31,"column":null}},"12":{"start":{"line":4,"column":21},"end":{"line":4,"column":26}}},"fnMap":{"0":{"name":"(anonymous_2)","decl":{"start":{"line":27,"column":2},"end":{"line":27,"column":15}},"loc":{"start":{"line":27,"column":25},"end":{"line":30,"column":3}}},"1":{"name":"(anonymous_3)","decl":{"start":{"line":17,"column":2},"end":{"line":17,"column":8}},"loc":{"start":{"line":17,"column":8},"end":{"line":19,"column":3}}}},"branchMap":{},"s":{"0":7,"1":7,"2":42,"3":42,"4":1,"5":7,"6":7,"7":7,"8":7,"9":7,"10":7,"11":7,"12":7},"f":{"0":42,"1":1},"b":{}}
,"/home/davispc10/Desktop/Projects/Javascript/cardapio/server/src/app/models/Product.ts": {"path":"/home/davispc10/Desktop/Projects/Javascript/cardapio/server/src/app/models/Product.ts","statementMap":{"0":{"start":{"line":1,"column":0},"end":{"line":1,"column":145}},"1":{"start":{"line":3,"column":0},"end":{"line":3,"column":33}},"2":{"start":{"line":4,"column":0},"end":{"line":4,"column":33}},"3":{"start":{"line":5,"column":0},"end":{"line":5,"column":25}},"4":{"start":{"line":8,"column":0},"end":{"line":47,"column":null}},"5":{"start":{"line":44,"column":4},"end":{"line":44,"column":null}},"6":{"start":{"line":45,"column":4},"end":{"line":45,"column":null}},"7":{"start":{"line":10,"column":2},"end":{"line":10,"column":null}},"8":{"start":{"line":13,"column":2},"end":{"line":13,"column":null}},"9":{"start":{"line":16,"column":2},"end":{"line":16,"column":null}},"10":{"start":{"line":20,"column":2},"end":{"line":20,"column":null}},"11":{"start":{"line":18,"column":18},"end":{"line":18,"column":22}},"12":{"start":{"line":23,"column":2},"end":{"line":23,"column":null}},"13":{"start":{"line":26,"column":2},"end":{"line":26,"column":null}},"14":{"start":{"line":29,"column":2},"end":{"line":29,"column":null}},"15":{"start":{"line":28,"column":21},"end":{"line":28,"column":29}},"16":{"start":{"line":28,"column":43},"end":{"line":28,"column":60}},"17":{"start":{"line":32,"column":2},"end":{"line":32,"column":null}},"18":{"start":{"line":31,"column":21},"end":{"line":31,"column":29}},"19":{"start":{"line":31,"column":43},"end":{"line":31,"column":60}},"20":{"start":{"line":35,"column":2},"end":{"line":35,"column":null}},"21":{"start":{"line":38,"column":2},"end":{"line":38,"column":null}},"22":{"start":{"line":41,"column":2},"end":{"line":41,"column":null}},"23":{"start":{"line":8,"column":21},"end":{"line":47,"column":null}},"24":{"start":{"line":8,"column":21},"end":{"line":8,"column":29}}},"fnMap":{"0":{"name":"(anonymous_3)","decl":{"start":{"line":43,"column":2},"end":{"line":43,"column":15}},"loc":{"start":{"line":43,"column":31},"end":{"line":46,"column":3}}},"1":{"name":"(anonymous_4)","decl":{"start":{"line":18,"column":12},"end":{"line":18,"column":15}},"loc":{"start":{"line":18,"column":18},"end":{"line":18,"column":22}}},"2":{"name":"(anonymous_5)","decl":{"start":{"line":28,"column":13},"end":{"line":28,"column":17}},"loc":{"start":{"line":28,"column":21},"end":{"line":28,"column":29}}},"3":{"name":"(anonymous_6)","decl":{"start":{"line":28,"column":31},"end":{"line":28,"column":39}},"loc":{"start":{"line":28,"column":43},"end":{"line":28,"column":60}}},"4":{"name":"(anonymous_7)","decl":{"start":{"line":31,"column":13},"end":{"line":31,"column":17}},"loc":{"start":{"line":31,"column":21},"end":{"line":31,"column":29}}},"5":{"name":"(anonymous_8)","decl":{"start":{"line":31,"column":31},"end":{"line":31,"column":39}},"loc":{"start":{"line":31,"column":43},"end":{"line":31,"column":60}}}},"branchMap":{},"s":{"0":7,"1":7,"2":7,"3":7,"4":7,"5":13,"6":13,"7":7,"8":7,"9":7,"10":7,"11":13,"12":7,"13":7,"14":7,"15":13,"16":13,"17":7,"18":13,"19":13,"20":7,"21":7,"22":7,"23":7,"24":7},"f":{"0":13,"1":13,"2":13,"3":13,"4":13,"5":13},"b":{}}
,"/home/davispc10/Desktop/Projects/Javascript/cardapio/server/src/app/models/Segment.ts": {"path":"/home/davispc10/Desktop/Projects/Javascript/cardapio/server/src/app/models/Segment.ts","statementMap":{"0":{"start":{"line":1,"column":0},"end":{"line":1,"column":123}},"1":{"start":{"line":3,"column":0},"end":{"line":3,"column":33}},"2":{"start":{"line":6,"column":0},"end":{"line":26,"column":null}},"3":{"start":{"line":23,"column":4},"end":{"line":23,"column":null}},"4":{"start":{"line":24,"column":4},"end":{"line":24,"column":null}},"5":{"start":{"line":8,"column":2},"end":{"line":8,"column":null}},"6":{"start":{"line":11,"column":2},"end":{"line":11,"column":null}},"7":{"start":{"line":14,"column":2},"end":{"line":14,"column":null}},"8":{"start":{"line":13,"column":21},"end":{"line":13,"column":29}},"9":{"start":{"line":13,"column":43},"end":{"line":13,"column":59}},"10":{"start":{"line":17,"column":2},"end":{"line":17,"column":null}},"11":{"start":{"line":20,"column":2},"end":{"line":20,"column":null}},"12":{"start":{"line":6,"column":21},"end":{"line":26,"column":null}},"13":{"start":{"line":6,"column":21},"end":{"line":6,"column":29}}},"fnMap":{"0":{"name":"(anonymous_3)","decl":{"start":{"line":22,"column":2},"end":{"line":22,"column":15}},"loc":{"start":{"line":22,"column":31},"end":{"line":25,"column":3}}},"1":{"name":"(anonymous_4)","decl":{"start":{"line":13,"column":13},"end":{"line":13,"column":17}},"loc":{"start":{"line":13,"column":21},"end":{"line":13,"column":29}}},"2":{"name":"(anonymous_5)","decl":{"start":{"line":13,"column":31},"end":{"line":13,"column":39}},"loc":{"start":{"line":13,"column":43},"end":{"line":13,"column":59}}}},"branchMap":{},"s":{"0":7,"1":7,"2":7,"3":55,"4":55,"5":7,"6":7,"7":7,"8":13,"9":13,"10":7,"11":7,"12":7,"13":7},"f":{"0":55,"1":13,"2":13},"b":{}}
,"/home/davispc10/Desktop/Projects/Javascript/cardapio/server/src/app/models/User.ts": {"path":"/home/davispc10/Desktop/Projects/Javascript/cardapio/server/src/app/models/User.ts","statementMap":{"0":{"start":{"line":1,"column":0},"end":{"line":1,"column":29}},"1":{"start":{"line":2,"column":0},"end":{"line":2,"column":171}},"2":{"start":{"line":4,"column":0},"end":{"line":4,"column":33}},"3":{"start":{"line":5,"column":0},"end":{"line":5,"column":25}},"4":{"start":{"line":7,"column":0},"end":{"line":7,"column":null}},"5":{"start":{"line":8,"column":2},"end":{"line":8,"column":null}},"6":{"start":{"line":9,"column":2},"end":{"line":9,"column":null}},"7":{"start":{"line":13,"column":0},"end":{"line":76,"column":null}},"8":{"start":{"line":69,"column":4},"end":{"line":69,"column":null}},"9":{"start":{"line":70,"column":4},"end":{"line":70,"column":null}},"10":{"start":{"line":61,"column":4},"end":{"line":61,"column":null}},"11":{"start":{"line":65,"column":4},"end":{"line":65,"column":null}},"12":{"start":{"line":15,"column":2},"end":{"line":15,"column":null}},"13":{"start":{"line":18,"column":2},"end":{"line":18,"column":null}},"14":{"start":{"line":21,"column":2},"end":{"line":21,"column":null}},"15":{"start":{"line":24,"column":2},"end":{"line":24,"column":null}},"16":{"start":{"line":27,"column":2},"end":{"line":27,"column":null}},"17":{"start":{"line":30,"column":2},"end":{"line":30,"column":null}},"18":{"start":{"line":33,"column":2},"end":{"line":33,"column":null}},"19":{"start":{"line":36,"column":2},"end":{"line":36,"column":null}},"20":{"start":{"line":43,"column":2},"end":{"line":43,"column":null}},"21":{"start":{"line":47,"column":2},"end":{"line":47,"column":null}},"22":{"start":{"line":45,"column":18},"end":{"line":45,"column":22}},"23":{"start":{"line":51,"column":2},"end":{"line":51,"column":null}},"24":{"start":{"line":49,"column":22},"end":{"line":49,"column":30}},"25":{"start":{"line":54,"column":2},"end":{"line":54,"column":null}},"26":{"start":{"line":57,"column":2},"end":{"line":57,"column":null}},"27":{"start":{"line":60,"column":2},"end":{"line":62,"column":null}},"28":{"start":{"line":13,"column":21},"end":{"line":76,"column":null}},"29":{"start":{"line":13,"column":21},"end":{"line":13,"column":26}}},"fnMap":{"0":{"name":"(anonymous_3)","decl":{"start":{"line":7,"column":0},"end":{"line":7,"column":12}},"loc":{"start":{"line":7,"column":20},"end":{"line":10,"column":1}}},"1":{"name":"(anonymous_4)","decl":{"start":{"line":68,"column":2},"end":{"line":68,"column":15}},"loc":{"start":{"line":68,"column":25},"end":{"line":71,"column":3}}},"2":{"name":"(anonymous_5)","decl":{"start":{"line":60,"column":2},"end":{"line":60,"column":14}},"loc":{"start":{"line":60,"column":14},"end":{"line":62,"column":3}}},"3":{"name":"(anonymous_6)","decl":{"start":{"line":64,"column":2},"end":{"line":64,"column":15}},"loc":{"start":{"line":64,"column":33},"end":{"line":66,"column":3}}},"4":{"name":"(anonymous_7)","decl":{"start":{"line":45,"column":12},"end":{"line":45,"column":15}},"loc":{"start":{"line":45,"column":18},"end":{"line":45,"column":22}}},"5":{"name":"(anonymous_8)","decl":{"start":{"line":49,"column":14},"end":{"line":49,"column":18}},"loc":{"start":{"line":49,"column":22},"end":{"line":49,"column":30}}}},"branchMap":{"0":{"loc":{"start":{"line":7,"column":12},"end":{"line":7,"column":20}},"type":"binary-expr","locations":[{"start":{"line":7,"column":12},"end":{"line":7,"column":20}},{"start":{"line":7,"column":12},"end":{"line":7,"column":null}}]}},"s":{"0":7,"1":7,"2":7,"3":7,"4":7,"5":7,"6":7,"7":7,"8":149,"9":149,"10":43,"11":37,"12":7,"13":7,"14":7,"15":7,"16":7,"17":7,"18":7,"19":7,"20":7,"21":7,"22":13,"23":7,"24":13,"25":7,"26":7,"27":7,"28":7,"29":7},"f":{"0":7,"1":149,"2":43,"3":37,"4":13,"5":13},"b":{"0":[7,7]}}
,"/home/davispc10/Desktop/Projects/Javascript/cardapio/server/src/app/validators/CategoryStore.ts": {"path":"/home/davispc10/Desktop/Projects/Javascript/cardapio/server/src/app/validators/CategoryStore.ts","statementMap":{"0":{"start":{"line":2,"column":0},"end":{"line":2,"column":26}},"1":{"start":{"line":4,"column":0},"end":{"line":16,"column":null}},"2":{"start":{"line":5,"column":2},"end":{"line":15,"column":null}},"3":{"start":{"line":6,"column":19},"end":{"line":8,"column":6}},"4":{"start":{"line":10,"column":4},"end":{"line":10,"column":null}},"5":{"start":{"line":12,"column":4},"end":{"line":12,"column":null}},"6":{"start":{"line":14,"column":4},"end":{"line":14,"column":null}}},"fnMap":{"0":{"name":"(anonymous_6)","decl":{"start":{"line":4,"column":15},"end":{"line":4,"column":20}},"loc":{"start":{"line":4,"column":99},"end":{"line":16,"column":1}}}},"branchMap":{},"s":{"0":6,"1":6,"2":11,"3":11,"4":11,"5":10,"6":1},"f":{"0":11},"b":{}}
,"/home/davispc10/Desktop/Projects/Javascript/cardapio/server/src/app/validators/CategoryUpdate.ts": {"path":"/home/davispc10/Desktop/Projects/Javascript/cardapio/server/src/app/validators/CategoryUpdate.ts","statementMap":{"0":{"start":{"line":2,"column":0},"end":{"line":2,"column":26}},"1":{"start":{"line":4,"column":0},"end":{"line":16,"column":null}},"2":{"start":{"line":5,"column":2},"end":{"line":15,"column":null}},"3":{"start":{"line":6,"column":19},"end":{"line":8,"column":6}},"4":{"start":{"line":10,"column":4},"end":{"line":10,"column":null}},"5":{"start":{"line":12,"column":4},"end":{"line":12,"column":null}},"6":{"start":{"line":14,"column":4},"end":{"line":14,"column":null}}},"fnMap":{"0":{"name":"(anonymous_6)","decl":{"start":{"line":4,"column":15},"end":{"line":4,"column":20}},"loc":{"start":{"line":4,"column":99},"end":{"line":16,"column":1}}}},"branchMap":{},"s":{"0":6,"1":6,"2":5,"3":5,"4":5,"5":4,"6":1},"f":{"0":5},"b":{}}
,"/home/davispc10/Desktop/Projects/Javascript/cardapio/server/src/app/validators/SegmentStore.ts": {"path":"/home/davispc10/Desktop/Projects/Javascript/cardapio/server/src/app/validators/SegmentStore.ts","statementMap":{"0":{"start":{"line":2,"column":0},"end":{"line":2,"column":26}},"1":{"start":{"line":4,"column":0},"end":{"line":16,"column":null}},"2":{"start":{"line":5,"column":2},"end":{"line":15,"column":null}},"3":{"start":{"line":6,"column":19},"end":{"line":8,"column":6}},"4":{"start":{"line":10,"column":4},"end":{"line":10,"column":null}},"5":{"start":{"line":12,"column":4},"end":{"line":12,"column":null}},"6":{"start":{"line":14,"column":4},"end":{"line":14,"column":null}}},"fnMap":{"0":{"name":"(anonymous_6)","decl":{"start":{"line":4,"column":15},"end":{"line":4,"column":20}},"loc":{"start":{"line":4,"column":99},"end":{"line":16,"column":1}}}},"branchMap":{},"s":{"0":6,"1":6,"2":16,"3":16,"4":16,"5":15,"6":1},"f":{"0":16},"b":{}}
,"/home/davispc10/Desktop/Projects/Javascript/cardapio/server/src/app/validators/SessionStore.ts": {"path":"/home/davispc10/Desktop/Projects/Javascript/cardapio/server/src/app/validators/SessionStore.ts","statementMap":{"0":{"start":{"line":2,"column":0},"end":{"line":2,"column":26}},"1":{"start":{"line":4,"column":0},"end":{"line":17,"column":null}},"2":{"start":{"line":5,"column":2},"end":{"line":16,"column":null}},"3":{"start":{"line":6,"column":19},"end":{"line":9,"column":6}},"4":{"start":{"line":11,"column":4},"end":{"line":11,"column":null}},"5":{"start":{"line":13,"column":4},"end":{"line":13,"column":null}},"6":{"start":{"line":15,"column":4},"end":{"line":15,"column":null}}},"fnMap":{"0":{"name":"(anonymous_6)","decl":{"start":{"line":4,"column":15},"end":{"line":4,"column":20}},"loc":{"start":{"line":4,"column":99},"end":{"line":17,"column":1}}}},"branchMap":{},"s":{"0":6,"1":6,"2":37,"3":37,"4":37,"5":36,"6":1},"f":{"0":37},"b":{}}
,"/home/davispc10/Desktop/Projects/Javascript/cardapio/server/src/app/validators/UserStore.ts": {"path":"/home/davispc10/Desktop/Projects/Javascript/cardapio/server/src/app/validators/UserStore.ts","statementMap":{"0":{"start":{"line":2,"column":0},"end":{"line":2,"column":26}},"1":{"start":{"line":4,"column":0},"end":{"line":23,"column":null}},"2":{"start":{"line":5,"column":2},"end":{"line":22,"column":null}},"3":{"start":{"line":6,"column":19},"end":{"line":15,"column":6}},"4":{"start":{"line":17,"column":4},"end":{"line":17,"column":null}},"5":{"start":{"line":19,"column":4},"end":{"line":19,"column":null}},"6":{"start":{"line":21,"column":4},"end":{"line":21,"column":null}}},"fnMap":{"0":{"name":"(anonymous_6)","decl":{"start":{"line":4,"column":15},"end":{"line":4,"column":20}},"loc":{"start":{"line":4,"column":99},"end":{"line":23,"column":1}}}},"branchMap":{},"s":{"0":6,"1":6,"2":43,"3":43,"4":43,"5":42,"6":1},"f":{"0":43},"b":{}}
,"/home/davispc10/Desktop/Projects/Javascript/cardapio/server/src/app/validators/UserUpdate.ts": {"path":"/home/davispc10/Desktop/Projects/Javascript/cardapio/server/src/app/validators/UserUpdate.ts","statementMap":{"0":{"start":{"line":2,"column":0},"end":{"line":2,"column":26}},"1":{"start":{"line":4,"column":0},"end":{"line":32,"column":null}},"2":{"start":{"line":5,"column":2},"end":{"line":31,"column":null}},"3":{"start":{"line":6,"column":19},"end":{"line":24,"column":6}},"4":{"start":{"line":18,"column":10},"end":{"line":18,"column":48}},"5":{"start":{"line":22,"column":10},"end":{"line":22,"column":74}},"6":{"start":{"line":26,"column":4},"end":{"line":26,"column":null}},"7":{"start":{"line":28,"column":4},"end":{"line":28,"column":null}},"8":{"start":{"line":30,"column":4},"end":{"line":30,"column":null}}},"fnMap":{"0":{"name":"(anonymous_6)","decl":{"start":{"line":4,"column":15},"end":{"line":4,"column":20}},"loc":{"start":{"line":4,"column":99},"end":{"line":32,"column":1}}},"1":{"name":"(anonymous_7)","decl":{"start":{"line":17,"column":29},"end":{"line":17,"column":30}},"loc":{"start":{"line":18,"column":10},"end":{"line":18,"column":48}}},"2":{"name":"(anonymous_8)","decl":{"start":{"line":21,"column":26},"end":{"line":21,"column":27}},"loc":{"start":{"line":22,"column":10},"end":{"line":22,"column":74}}}},"branchMap":{"0":{"loc":{"start":{"line":18,"column":24},"end":{"line":18,"column":40}},"type":"cond-expr","locations":[{"start":{"line":18,"column":24},"end":{"line":18,"column":40}},{"start":{"line":18,"column":43},"end":{"line":18,"column":48}}]},"1":{"loc":{"start":{"line":22,"column":21},"end":{"line":22,"column":66}},"type":"cond-expr","locations":[{"start":{"line":22,"column":21},"end":{"line":22,"column":66}},{"start":{"line":22,"column":69},"end":{"line":22,"column":74}}]}},"s":{"0":6,"1":6,"2":8,"3":8,"4":16,"5":16,"6":8,"7":7,"8":1},"f":{"0":8,"1":16,"2":16},"b":{"0":[4,12],"1":[4,12]}}
}
