TN:
SF:src/app/controllers/FileController.ts
FN:8,(anonymous_1)
FNF:1
FNH:1
FNDA:2,(anonymous_1)
DA:2,3
DA:4,3
DA:5,3
DA:9,2
DA:11,2
DA:13,2
DA:15,2
DA:16,1
DA:19,1
DA:20,1
DA:22,1
DA:26,3
LF:12
LH:12
BRDA:15,0,0,1
BRDA:15,0,1,1
BRF:2
BRH:2
end_of_record
TN:
SF:src/app/controllers/SessionControler.ts
FN:9,(anonymous_1)
FNF:1
FNH:1
FNDA:16,(anonymous_1)
DA:2,3
DA:3,3
DA:5,3
DA:6,3
DA:10,16
DA:12,16
DA:14,16
DA:15,1
DA:18,15
DA:19,1
DA:22,14
DA:24,14
DA:35,3
LF:13
LH:13
BRDA:14,0,0,1
BRDA:14,0,1,15
BRDA:18,1,0,1
BRDA:18,1,1,14
BRF:4
BRH:4
end_of_record
TN:
SF:src/app/controllers/UserController.ts
FN:6,(anonymous_1)
FN:65,(anonymous_2)
FN:7,(anonymous_3)
FN:19,(anonymous_4)
FN:32,(anonymous_5)
FNF:5
FNH:5
FNDA:3,(anonymous_1)
FNDA:7,(anonymous_2)
FNDA:1,(anonymous_3)
FNDA:2,(anonymous_4)
FNDA:22,(anonymous_5)
DA:2,3
DA:4,3
DA:8,1
DA:16,1
DA:20,2
DA:25,2
DA:26,1
DA:29,1
DA:33,22
DA:35,22
DA:37,22
DA:38,1
DA:41,21
DA:43,21
DA:44,1
DA:47,20
DA:49,20
DA:51,20
DA:53,20
DA:65,3
DA:66,7
DA:68,7
DA:70,7
DA:71,1
DA:74,6
DA:75,2
DA:77,2
DA:78,1
DA:82,5
DA:83,2
DA:85,2
DA:86,1
DA:90,4
DA:91,1
DA:94,3
DA:96,3
DA:97,1
DA:98,1
DA:99,2
DA:100,1
DA:103,3
DA:105,3
DA:107,3
DA:120,3
LF:44
LH:44
BRDA:70,0,0,1
BRDA:70,0,1,6
BRDA:74,1,0,2
BRDA:74,1,1,4
BRDA:77,2,0,1
BRDA:77,2,1,1
BRDA:82,3,0,2
BRDA:82,3,1,3
BRDA:85,4,0,1
BRDA:85,4,1,1
BRDA:90,5,0,1
BRDA:90,5,1,3
BRDA:90,6,0,4
BRDA:90,6,1,2
BRDA:96,7,0,1
BRDA:96,7,1,2
BRDA:99,8,0,1
BRDA:99,8,1,1
BRDA:25,9,0,1
BRDA:25,9,1,1
BRDA:37,10,0,1
BRDA:37,10,1,21
BRDA:43,11,0,1
BRDA:43,11,1,20
BRF:24
BRH:24
end_of_record
TN:
SF:src/app/middlewares/auth.ts
FN:12,(anonymous_1)
FNF:1
FNH:1
FNDA:15,(anonymous_1)
DA:2,3
DA:4,3
DA:12,3
DA:13,15
DA:15,15
DA:16,1
DA:19,14
DA:21,14
DA:22,14
DA:25,13
DA:27,13
DA:29,1
LF:12
LH:12
BRDA:15,0,0,1
BRDA:15,0,1,14
BRF:2
BRH:2
end_of_record
TN:
SF:src/app/models/File.ts
FN:27,(anonymous_2)
FN:17,(anonymous_3)
FNF:2
FNH:2
FNDA:9,(anonymous_2)
FNDA:1,(anonymous_3)
DA:1,3
DA:4,3
DA:6,3
DA:9,3
DA:12,3
DA:17,3
DA:18,1
DA:22,3
DA:25,3
DA:28,9
DA:32,3
LF:11
LH:11
BRF:0
BRH:0
end_of_record
TN:
SF:src/app/models/User.ts
FN:6,(anonymous_3)
FN:63,(anonymous_4)
FN:55,(anonymous_5)
FN:59,(anonymous_6)
FN:44,(anonymous_7)
FNF:5
FNH:5
FNDA:3,(anonymous_3)
FNDA:62,(anonymous_4)
FNDA:23,(anonymous_5)
FNDA:17,(anonymous_6)
FNDA:6,(anonymous_7)
DA:1,3
DA:2,3
DA:4,3
DA:6,3
DA:7,3
DA:8,3
DA:12,3
DA:14,3
DA:17,3
DA:20,3
DA:23,3
DA:26,3
DA:29,3
DA:32,3
DA:35,3
DA:42,3
DA:44,6
DA:46,3
DA:49,3
DA:52,3
DA:55,3
DA:56,23
DA:60,17
DA:64,62
DA:72,3
LF:25
LH:25
BRDA:6,0,0,3
BRDA:6,0,1,3
BRF:2
BRH:2
end_of_record
TN:
SF:src/app/validators/SessionStore.ts
FN:4,(anonymous_6)
FNF:1
FNH:1
FNDA:17,(anonymous_6)
DA:2,3
DA:4,3
DA:5,17
DA:6,17
DA:11,17
DA:13,16
DA:15,1
LF:7
LH:7
BRF:0
BRH:0
end_of_record
TN:
SF:src/app/validators/UserStore.ts
FN:4,(anonymous_6)
FNF:1
FNH:1
FNDA:23,(anonymous_6)
DA:2,3
DA:4,3
DA:5,23
DA:6,23
DA:17,23
DA:19,22
DA:21,1
LF:7
LH:7
BRF:0
BRH:0
end_of_record
TN:
SF:src/app/validators/UserUpdate.ts
FN:4,(anonymous_6)
FN:17,(anonymous_7)
FN:21,(anonymous_8)
FNF:3
FNH:3
FNDA:8,(anonymous_6)
FNDA:16,(anonymous_7)
FNDA:16,(anonymous_8)
DA:2,3
DA:4,3
DA:5,8
DA:6,8
DA:18,16
DA:22,16
DA:26,8
DA:28,7
DA:30,1
LF:9
LH:9
BRDA:18,0,0,4
BRDA:18,0,1,12
BRDA:22,1,0,4
BRDA:22,1,1,12
BRF:4
BRH:4
end_of_record
