TN:
SF:src/app/controllers/BusinessController.ts
FN:11,(anonymous_1)
FN:19,(anonymous_2)
FN:29,(anonymous_3)
FN:48,(anonymous_4)
FNF:4
FNH:4
FNDA:1,(anonymous_1)
FNDA:1,(anonymous_2)
FNDA:14,(anonymous_3)
FNDA:12,(anonymous_4)
DA:2,6
DA:4,6
DA:5,6
DA:6,6
DA:7,6
DA:8,6
DA:12,1
DA:16,1
DA:20,1
DA:22,1
DA:26,1
DA:30,14
DA:32,14
DA:36,14
DA:37,1
DA:40,13
DA:42,13
DA:43,1
DA:46,12
DA:48,12
DA:49,12
DA:51,12
DA:53,12
DA:55,12
DA:64,12
DA:66,12
DA:77,12
DA:79,12
DA:81,12
DA:82,12
DA:84,12
DA:89,6
LF:32
LH:32
BRDA:36,0,0,1
BRDA:36,0,1,13
BRDA:42,1,0,1
BRDA:42,1,1,12
BRF:4
BRH:4
end_of_record
TN:
SF:src/app/controllers/CategoryController.ts
FN:8,(anonymous_1)
FN:23,(anonymous_2)
FN:37,(anonymous_3)
FN:68,(anonymous_4)
FN:94,(anonymous_5)
FNF:5
FNH:5
FNDA:3,(anonymous_1)
FNDA:2,(anonymous_2)
FNDA:4,(anonymous_3)
FNDA:10,(anonymous_4)
FNDA:3,(anonymous_5)
DA:3,6
DA:4,6
DA:5,6
DA:9,3
DA:11,3
DA:12,2
DA:15,1
DA:20,1
DA:24,2
DA:26,2
DA:27,1
DA:30,1
DA:34,1
DA:38,4
DA:39,4
DA:41,4
DA:43,4
DA:44,1
DA:47,3
DA:49,3
DA:50,1
DA:53,2
DA:57,2
DA:58,1
DA:61,1
DA:63,1
DA:65,1
DA:69,10
DA:70,10
DA:72,10
DA:74,10
DA:75,1
DA:78,9
DA:80,9
DA:81,1
DA:85,8
DA:89,8
DA:91,8
DA:95,3
DA:97,3
DA:98,1
DA:101,2
DA:103,2
DA:104,1
DA:107,1
DA:112,1
DA:116,6
LF:47
LH:47
BRDA:11,0,0,2
BRDA:11,0,1,1
BRDA:26,1,0,1
BRDA:26,1,1,1
BRDA:43,2,0,1
BRDA:43,2,1,3
BRDA:49,3,0,1
BRDA:49,3,1,2
BRDA:57,4,0,1
BRDA:57,4,1,1
BRDA:74,5,0,1
BRDA:74,5,1,9
BRDA:80,6,0,1
BRDA:80,6,1,8
BRDA:97,7,0,1
BRDA:97,7,1,2
BRDA:103,8,0,1
BRDA:103,8,1,1
BRF:18
BRH:18
end_of_record
TN:
SF:src/app/controllers/FileController.ts
FN:7,(anonymous_1)
FNF:1
FNH:1
FNDA:2,(anonymous_1)
DA:3,6
DA:4,6
DA:8,2
DA:10,2
DA:12,2
DA:14,2
DA:15,1
DA:18,1
DA:20,1
DA:21,1
DA:23,1
DA:27,6
LF:12
LH:12
BRDA:14,0,0,1
BRDA:14,0,1,1
BRF:2
BRH:2
end_of_record
TN:
SF:src/app/controllers/SegmentController.ts
FN:6,(anonymous_1)
FN:17,(anonymous_2)
FNF:2
FNH:2
FNDA:1,(anonymous_1)
FNDA:15,(anonymous_2)
DA:3,6
DA:7,1
DA:14,1
DA:18,15
DA:20,15
DA:22,15
DA:24,15
DA:28,6
LF:8
LH:8
BRF:0
BRH:0
end_of_record
TN:
SF:src/app/controllers/SessionControler.ts
FN:8,(anonymous_1)
FNF:1
FNH:1
FNDA:36,(anonymous_1)
DA:2,6
DA:4,6
DA:5,6
DA:9,36
DA:11,36
DA:13,36
DA:14,1
DA:17,35
DA:18,1
DA:21,34
DA:23,34
DA:34,6
LF:12
LH:12
BRDA:13,0,0,1
BRDA:13,0,1,35
BRDA:17,1,0,1
BRDA:17,1,1,34
BRF:4
BRH:4
end_of_record
TN:
SF:src/app/controllers/UserController.ts
FN:5,(anonymous_1)
FN:64,(anonymous_2)
FN:6,(anonymous_3)
FN:18,(anonymous_4)
FN:31,(anonymous_5)
FNF:5
FNH:5
FNDA:6,(anonymous_1)
FNDA:7,(anonymous_2)
FNDA:1,(anonymous_3)
FNDA:2,(anonymous_4)
FNDA:42,(anonymous_5)
DA:3,6
DA:7,1
DA:15,1
DA:19,2
DA:24,2
DA:25,1
DA:28,1
DA:32,42
DA:34,42
DA:36,42
DA:37,1
DA:40,41
DA:42,41
DA:43,1
DA:46,40
DA:48,40
DA:50,40
DA:52,40
DA:64,6
DA:65,7
DA:67,7
DA:69,7
DA:70,1
DA:73,6
DA:74,2
DA:76,2
DA:77,1
DA:81,5
DA:82,2
DA:84,2
DA:85,1
DA:89,4
DA:90,1
DA:93,3
DA:95,3
DA:96,1
DA:97,1
DA:98,2
DA:99,1
DA:102,3
DA:104,3
DA:106,3
DA:119,6
LF:43
LH:43
BRDA:69,0,0,1
BRDA:69,0,1,6
BRDA:73,1,0,2
BRDA:73,1,1,4
BRDA:76,2,0,1
BRDA:76,2,1,1
BRDA:81,3,0,2
BRDA:81,3,1,3
BRDA:84,4,0,1
BRDA:84,4,1,1
BRDA:89,5,0,1
BRDA:89,5,1,3
BRDA:89,6,0,4
BRDA:89,6,1,2
BRDA:95,7,0,1
BRDA:95,7,1,2
BRDA:98,8,0,1
BRDA:98,8,1,1
BRDA:24,9,0,1
BRDA:24,9,1,1
BRDA:36,10,0,1
BRDA:36,10,1,41
BRDA:42,11,0,1
BRDA:42,11,1,40
BRF:24
BRH:24
end_of_record
TN:
SF:src/app/middlewares/auth.ts
FN:12,(anonymous_1)
FNF:1
FNH:1
FNDA:72,(anonymous_1)
DA:2,6
DA:4,6
DA:12,6
DA:13,72
DA:15,72
DA:16,1
DA:19,71
DA:21,71
DA:22,71
DA:25,70
DA:27,70
DA:29,1
LF:12
LH:12
BRDA:15,0,0,1
BRDA:15,0,1,71
BRF:2
BRH:2
end_of_record
TN:
SF:src/app/models/Address.ts
FN:37,(anonymous_3)
FN:28,(anonymous_4)
FN:28,(anonymous_5)
FNF:3
FNH:3
FNDA:30,(anonymous_3)
FNDA:13,(anonymous_4)
FNDA:13,(anonymous_5)
DA:1,7
DA:3,7
DA:6,7
DA:8,7
DA:11,7
DA:14,7
DA:17,7
DA:20,7
DA:23,7
DA:26,7
DA:28,13
DA:29,7
DA:32,7
DA:35,7
DA:38,30
DA:39,30
LF:16
LH:16
BRF:0
BRH:0
end_of_record
TN:
SF:src/app/models/Business.ts
FN:58,(anonymous_3)
FN:20,(anonymous_4)
FN:24,(anonymous_5)
FN:37,(anonymous_6)
FN:37,(anonymous_7)
FN:40,(anonymous_8)
FN:40,(anonymous_9)
FN:43,(anonymous_10)
FN:43,(anonymous_11)
FN:46,(anonymous_12)
FN:46,(anonymous_13)
FNF:11
FNH:11
FNDA:62,(anonymous_3)
FNDA:13,(anonymous_4)
FNDA:13,(anonymous_5)
FNDA:13,(anonymous_6)
FNDA:13,(anonymous_7)
FNDA:13,(anonymous_8)
FNDA:13,(anonymous_9)
FNDA:13,(anonymous_10)
FNDA:13,(anonymous_11)
FNDA:13,(anonymous_12)
FNDA:13,(anonymous_13)
DA:1,7
DA:3,7
DA:4,7
DA:5,7
DA:6,7
DA:7,7
DA:10,7
DA:12,7
DA:15,7
DA:18,7
DA:20,13
DA:22,7
DA:24,13
DA:26,7
DA:29,7
DA:32,7
DA:35,7
DA:37,13
DA:38,7
DA:40,13
DA:41,7
DA:43,13
DA:44,7
DA:46,13
DA:47,7
DA:50,7
DA:53,7
DA:56,7
DA:59,62
DA:60,62
LF:30
LH:30
BRF:0
BRH:0
end_of_record
TN:
SF:src/app/models/Category.ts
FN:29,(anonymous_3)
FN:14,(anonymous_4)
FN:14,(anonymous_5)
FN:17,(anonymous_6)
FN:17,(anonymous_7)
FNF:5
FNH:5
FNDA:25,(anonymous_3)
FNDA:13,(anonymous_4)
FNDA:13,(anonymous_5)
FNDA:13,(anonymous_6)
FNDA:13,(anonymous_7)
DA:1,7
DA:3,7
DA:4,7
DA:7,7
DA:9,7
DA:12,7
DA:14,13
DA:15,7
DA:17,13
DA:18,7
DA:21,7
DA:24,7
DA:27,7
DA:30,25
DA:31,25
LF:15
LH:15
BRF:0
BRH:0
end_of_record
TN:
SF:src/app/models/File.ts
FN:27,(anonymous_2)
FN:17,(anonymous_3)
FNF:2
FNH:2
FNDA:42,(anonymous_2)
FNDA:1,(anonymous_3)
DA:1,7
DA:4,7
DA:6,7
DA:9,7
DA:12,7
DA:17,7
DA:18,1
DA:22,7
DA:25,7
DA:28,42
DA:29,42
LF:11
LH:11
BRF:0
BRH:0
end_of_record
TN:
SF:src/app/models/Product.ts
FN:43,(anonymous_3)
FN:18,(anonymous_4)
FN:28,(anonymous_5)
FN:28,(anonymous_6)
FN:31,(anonymous_7)
FN:31,(anonymous_8)
FNF:6
FNH:6
FNDA:13,(anonymous_3)
FNDA:13,(anonymous_4)
FNDA:13,(anonymous_5)
FNDA:13,(anonymous_6)
FNDA:13,(anonymous_7)
FNDA:13,(anonymous_8)
DA:1,7
DA:3,7
DA:4,7
DA:5,7
DA:8,7
DA:10,7
DA:13,7
DA:16,7
DA:18,13
DA:20,7
DA:23,7
DA:26,7
DA:28,13
DA:29,7
DA:31,13
DA:32,7
DA:35,7
DA:38,7
DA:41,7
DA:44,13
DA:45,13
LF:21
LH:21
BRF:0
BRH:0
end_of_record
TN:
SF:src/app/models/Segment.ts
FN:22,(anonymous_3)
FN:13,(anonymous_4)
FN:13,(anonymous_5)
FNF:3
FNH:3
FNDA:55,(anonymous_3)
FNDA:13,(anonymous_4)
FNDA:13,(anonymous_5)
DA:1,7
DA:3,7
DA:6,7
DA:8,7
DA:11,7
DA:13,13
DA:14,7
DA:17,7
DA:20,7
DA:23,55
DA:24,55
LF:11
LH:11
BRF:0
BRH:0
end_of_record
TN:
SF:src/app/models/User.ts
FN:7,(anonymous_3)
FN:68,(anonymous_4)
FN:60,(anonymous_5)
FN:64,(anonymous_6)
FN:45,(anonymous_7)
FN:49,(anonymous_8)
FNF:6
FNH:6
FNDA:7,(anonymous_3)
FNDA:149,(anonymous_4)
FNDA:43,(anonymous_5)
FNDA:37,(anonymous_6)
FNDA:13,(anonymous_7)
FNDA:13,(anonymous_8)
DA:1,7
DA:2,7
DA:4,7
DA:5,7
DA:7,7
DA:8,7
DA:9,7
DA:13,7
DA:15,7
DA:18,7
DA:21,7
DA:24,7
DA:27,7
DA:30,7
DA:33,7
DA:36,7
DA:43,7
DA:45,13
DA:47,7
DA:49,13
DA:51,7
DA:54,7
DA:57,7
DA:60,7
DA:61,43
DA:65,37
DA:69,149
DA:70,149
LF:28
LH:28
BRDA:7,0,0,7
BRDA:7,0,1,7
BRF:2
BRH:2
end_of_record
TN:
SF:src/app/validators/CategoryStore.ts
FN:4,(anonymous_6)
FNF:1
FNH:1
FNDA:11,(anonymous_6)
DA:2,6
DA:4,6
DA:5,11
DA:6,11
DA:10,11
DA:12,10
DA:14,1
LF:7
LH:7
BRF:0
BRH:0
end_of_record
TN:
SF:src/app/validators/CategoryUpdate.ts
FN:4,(anonymous_6)
FNF:1
FNH:1
FNDA:5,(anonymous_6)
DA:2,6
DA:4,6
DA:5,5
DA:6,5
DA:10,5
DA:12,4
DA:14,1
LF:7
LH:7
BRF:0
BRH:0
end_of_record
TN:
SF:src/app/validators/SegmentStore.ts
FN:4,(anonymous_6)
FNF:1
FNH:1
FNDA:16,(anonymous_6)
DA:2,6
DA:4,6
DA:5,16
DA:6,16
DA:10,16
DA:12,15
DA:14,1
LF:7
LH:7
BRF:0
BRH:0
end_of_record
TN:
SF:src/app/validators/SessionStore.ts
FN:4,(anonymous_6)
FNF:1
FNH:1
FNDA:37,(anonymous_6)
DA:2,6
DA:4,6
DA:5,37
DA:6,37
DA:11,37
DA:13,36
DA:15,1
LF:7
LH:7
BRF:0
BRH:0
end_of_record
TN:
SF:src/app/validators/UserStore.ts
FN:4,(anonymous_6)
FNF:1
FNH:1
FNDA:43,(anonymous_6)
DA:2,6
DA:4,6
DA:5,43
DA:6,43
DA:17,43
DA:19,42
DA:21,1
LF:7
LH:7
BRF:0
BRH:0
end_of_record
TN:
SF:src/app/validators/UserUpdate.ts
FN:4,(anonymous_6)
FN:17,(anonymous_7)
FN:21,(anonymous_8)
FNF:3
FNH:3
FNDA:8,(anonymous_6)
FNDA:16,(anonymous_7)
FNDA:16,(anonymous_8)
DA:2,6
DA:4,6
DA:5,8
DA:6,8
DA:18,16
DA:22,16
DA:26,8
DA:28,7
DA:30,1
LF:9
LH:9
BRDA:18,0,0,4
BRDA:18,0,1,12
BRDA:22,1,0,4
BRDA:22,1,1,12
BRF:4
BRH:4
end_of_record
